Assembler report for SPI_EEPROM
Thu May 26 17:36:37 2022
Quartus Prime Version 18.1.0 Build 625 09/12/2018 SJ Lite Edition


---------------------
; Table of Contents ;
---------------------
  1. Legal Notice
  2. Assembler Summary
  3. Assembler Settings
  4. Assembler Generated Files
  5. Assembler Device Options: H:/SCIENCE/1-ELE/QUARTUS/Projects/Ex4_SPI_EEPROM/output_files/SPI_EEPROM.sof
  6. Assembler Messages



----------------
; Legal Notice ;
----------------
Copyright (C) 2018  Intel Corporation. All rights reserved.
Your use of Intel Corporation's design tools, logic functions 
and other software and tools, and its AMPP partner logic 
functions, and any output files from any of the foregoing 
(including device programming or simulation files), and any 
associated documentation or information are expressly subject 
to the terms and conditions of the Intel Program License 
Subscription Agreement, the Intel Quartus Prime License Agreement,
the Intel FPGA IP License Agreement, or other applicable license
agreement, including, without limitation, that your use is for
the sole purpose of programming logic devices manufactured by
Intel and sold by Intel or its authorized distributors.  Please
refer to the applicable agreement for further details.



+---------------------------------------------------------------+
; Assembler Summary                                             ;
+-----------------------+---------------------------------------+
; Assembler Status      ; Successful - Thu May 26 17:36:37 2022 ;
; Revision Name         ; SPI_EEPROM                            ;
; Top-level Entity Name ; SPI_EEPROM                            ;
; Family                ; MAX 10                                ;
; Device                ; 10M50DAF484C6GES                      ;
+-----------------------+---------------------------------------+


+----------------------------------+
; Assembler Settings               ;
+--------+---------+---------------+
; Option ; Setting ; Default Value ;
+--------+---------+---------------+


+------------------------------------------------------------------------------+
; Assembler Generated Files                                                    ;
+------------------------------------------------------------------------------+
; File Name                                                                    ;
+------------------------------------------------------------------------------+
; H:/SCIENCE/1-ELE/QUARTUS/Projects/Ex4_SPI_EEPROM/output_files/SPI_EEPROM.sof ;
+------------------------------------------------------------------------------+


+--------------------------------------------------------------------------------------------------------+
; Assembler Device Options: H:/SCIENCE/1-ELE/QUARTUS/Projects/Ex4_SPI_EEPROM/output_files/SPI_EEPROM.sof ;
+----------------+---------------------------------------------------------------------------------------+
; Option         ; Setting                                                                               ;
+----------------+---------------------------------------------------------------------------------------+
; JTAG usercode  ; 0x0029D14F                                                                            ;
; Checksum       ; 0x0029D14F                                                                            ;
+----------------+---------------------------------------------------------------------------------------+


+--------------------+
; Assembler Messages ;
+--------------------+
Info: *******************************************************************
Info: Running Quartus Prime Assembler
    Info: Version 18.1.0 Build 625 09/12/2018 SJ Lite Edition
    Info: Processing started: Thu May 26 17:36:33 2022
Info: Command: quartus_asm --read_settings_files=off --write_settings_files=off SPI_EEPROM -c SPI_EEPROM
Info (115031): Writing out detailed assembly data for power analysis
Info (115030): Assembler is generating device programming files
Info: Quartus Prime Assembler was successful. 0 errors, 0 warnings
    Info: Peak virtual memory: 4678 megabytes
    Info: Processing ended: Thu May 26 17:36:37 2022
    Info: Elapsed time: 00:00:04
    Info: Total CPU time (on all processors): 00:00:04


