DESKTOP-I1KH1BB: <<<<<<<<<<<<<<<<<<<<<<<<<<<
                 2020 May 23 (Sat): 23:24:00
                 <<<<<<<<<<<<<<<<<<<<<<<<<<<
                 
DESKTOP-I1KH1BB: ============================================================================
                 Mesher selection: automatic: FPBA [support advanced surface impedance setup]
                 ============================================================================
                 
DESKTOP-I1KH1BB: ===============================
                 Processing CAD model
                 Version 2014.0 (build 20140224)
                 2020 May 23 (Sat): 23:24:00
                 ===============================
                 
==================================================================================================
== CST Matrix Calculation Priority Log                                                          ==
==================================================================================================
 
Priorities are sorted in ascending order beginning with the lowest priority
 
Priority:   2, shape   3: component1:gap, material: Vacuum
Priority:   4, shape   4: discrete_face_port:1, material: PEC
Priority:   6, shape   1: component1:dip_branch_1, material: Copper (annealed)
Priority:   6, shape   2: component1:dip_branch_2, material: Copper (annealed)
 
==================================================================================================
 
DESKTOP-I1KH1BB: =======================
                 Finished CAD processing
                 =======================
                 
DESKTOP-I1KH1BB: ===============================
                 Processing CAD model
                 Version 2014.0 (build 20140224)
                 2020 May 23 (Sat): 23:24:00
                 ===============================
                 
DESKTOP-I1KH1BB: =======================
                 Finished CAD processing
                 =======================
                 
DESKTOP-I1KH1BB: 1xN000: <<<<<<<<<<<<<<<<<<<<<<<<<<<
                         2020 May 23 (Sat): 23:24:00
                         <<<<<<<<<<<<<<<<<<<<<<<<<<<

DESKTOP-I1KH1BB: 1xN000: =======================================
                         Matrix computation (FPBA)
                         	[FPBA accuracy enhancement is enabled]
                         Version 2014.0 (build 20140224)
                         2020 May 23 (Sat): 23:24:00
                         =======================================

DESKTOP-I1KH1BB: 1xN000: ==================================
                         Finished matrix computation (FPBA)
                         ==================================

DESKTOP-I1KH1BB: 1xN000: >>>>>>>>>>>>>>>>>>>>>>>>>>>
                         2020 May 23 (Sat): 23:24:01
                         >>>>>>>>>>>>>>>>>>>>>>>>>>>



DESKTOP-I1KH1BB: >>>>>>>>>>>>>>>>>>>>>>>>>>>
                 2020 May 23 (Sat): 23:24:02
                 >>>>>>>>>>>>>>>>>>>>>>>>>>>
                 
