>> Cleaning "target" build directory...
if not exist build mkdir build
if exist build\target rmdir build\target /s /q
if not exist build\target mkdir build\target
if not exist build\target\asm mkdir build\target\asm
if not exist build\target\bin mkdir build\target\bin
if not exist build\target\lis mkdir build\target\lis
if not exist build\target\obj mkdir build\target\obj
if not exist build\target\prp mkdir build\target\prp
------------------------------------------------
>> "target"-build folder cleaned successfully!
------------------------------------------------
Starting "target"-build compilation...
gcc -c src\main.c -Wall -g -O0 -o build\target\obj\main.o
gcc -c src\channel.c -Wall -g -O0 -o build\target\obj\channel.o
gcc -c src\convolutional.c -Wall -g -O0 -o build\target\obj\convolutional.o
gcc -c src\crc.c -Wall -g -O0 -o build\target\obj\crc.o
gcc -c src\debug.c -Wall -g -O0 -o build\target\obj\debug.o
gcc -c src\error.c -Wall -g -O0 -o build\target\obj\error.o
gcc -c src\memory.c -Wall -g -O0 -o build\target\obj\memory.o
gcc -c src\modulation.c -Wall -g -O0 -o build\target\obj\modulation.o
gcc -c src\reed_solomon.c -Wall -g -O0 -o build\target\obj\reed_solomon.o
