Added Component: Designator=D1(LED0603B)
Add component. Clean all parameters for all variants
Add component (AddParameter): Name = "Automotive Qualification Standard"; Value = "-"; VariantName = "[No Variations]"
Add component (AddParameter): Name = "Bulb Size"; Value = "0.8mm x 1.6mm"; VariantName = "[No Variations]"
Add component (AddParameter): Name = "Category"; Value = "LED"; VariantName = "[No Variations]"
Add component (AddParameter): Name = "ComponentLink1Description"; Value = "http://www.farnell.com/datasheets/1915208.pdf?src-supplier=Element14"; VariantName = "[No Variations]"
Add component (AddParameter): Name = "ComponentLink1URL"; Value = "http://www.farnell.com/datasheets/1915208.pdf?src-supplier=Element14"; VariantName = "[No Variations]"
Add component (AddParameter): Name = "ComponentLink2Description"; Value = "http://www.mouser.com/ds/2/315/LNJ926W8CRA_CEK-226062.pdf?src-supplier=Mouser"; VariantName = "[No Variations]"
Add component (AddParameter): Name = "ComponentLink2URL"; Value = "http://www.mouser.com/ds/2/315/LNJ926W8CRA_CEK-226062.pdf?src-supplier=Mouser"; VariantName = "[No Variations]"
Add component (AddParameter): Name = "Forward Current If"; Value = "5mA"; VariantName = "[No Variations]"
Add component (AddParameter): Name = "Forward Voltage"; Value = "2.9V"; VariantName = "[No Variations]"
Add component (AddParameter): Name = "LED Colour"; Value = "Blue"; VariantName = "[No Variations]"
Add component (AddParameter): Name = "LED Mounting"; Value = "SMD"; VariantName = "[No Variations]"
Add component (AddParameter): Name = "Lens Shape"; Value = "Rectangular"; VariantName = "[No Variations]"
Add component (AddParameter): Name = "Luminous Intensity"; Value = "11.5mcd"; VariantName = "[No Variations]"
Add component (AddParameter): Name = "Manufacturer"; Value = "Panasonic SSG"; VariantName = "[No Variations]"
Add component (AddParameter): Name = "Manufacturer Part Number"; Value = "LNJ926W8CRA"; VariantName = "[No Variations]"
Add component (AddParameter): Name = "MSL"; Value = "-"; VariantName = "[No Variations]"
Add component (AddParameter): Name = "Packaging"; Value = "Each"; VariantName = "[No Variations]"
Add component (AddParameter): Name = "Pricing 1"; Value = "1=0.36, 10=0.276, 100=0.2287, 500=0.2093, 1000=0.2024 (USD)"; VariantName = "[No Variations]"
Add component (AddParameter): Name = "Product Range"; Value = "-"; VariantName = "[No Variations]"
Add component (AddParameter): Name = "Stock 1"; Value = "28564"; VariantName = "[No Variations]"
Add component (AddParameter): Name = "Supplier 1"; Value = "Digi-Key"; VariantName = "[No Variations]"
Add component (AddParameter): Name = "Supplier Part Number 1"; Value = "P13484CT-ND"; VariantName = "[No Variations]"
Add component (AddParameter): Name = "SVHC"; Value = "1,3,5-Tris(oxiran-2-ylmethyl)-1,3,5-triazinane-2,4,6-trione (TGIC) (15-Jun-2015)"; VariantName = "[No Variations]"
Add component (AddParameter): Name = "Viewing Angle"; Value = "-"; VariantName = "[No Variations]"
Add component (AddParameter): Name = "Wavelength Typ"; Value = "470nm"; VariantName = "[No Variations]"
Added Component: Designator=J1(HDR1X2)
Add component. Clean all parameters for all variants
Add component (AddParameter): Name = "Body Orientation"; Value = "Straight"; VariantName = "[No Variations]"
Add component (AddParameter): Name = "Category"; Value = "Connectors"; VariantName = "[No Variations]"
Add component (AddParameter): Name = "ComponentLink1Description"; Value = "https://www.molex.com/pdm_docs/sd/022292021_sd.pdf?src-supplier=Digi-Key"; VariantName = "[No Variations]"
Add component (AddParameter): Name = "ComponentLink1URL"; Value = "https://www.molex.com/pdm_docs/sd/022292021_sd.pdf?src-supplier=Digi-Key"; VariantName = "[No Variations]"
Add component (AddParameter): Name = "ECCN (US)"; Value = "EAR99"; VariantName = "[No Variations]"
Add component (AddParameter): Name = "Gender"; Value = "HDR"; VariantName = "[No Variations]"
Add component (AddParameter): Name = "HTS"; Value = "8536.69.40.40"; VariantName = "[No Variations]"
Add component (AddParameter): Name = "Insulation Resistance (MOhm)"; Value = "1000"; VariantName = "[No Variations]"
Add component (AddParameter): Name = "Manufacturer"; Value = "Molex"; VariantName = "[No Variations]"
Add component (AddParameter): Name = "Manufacturer Part Number"; Value = "22-29-2021"; VariantName = "[No Variations]"
Add component (AddParameter): Name = "Mating Cycle (Cycles)"; Value = "25"; VariantName = "[No Variations]"
Add component (AddParameter): Name = "Maximum Contact Resistance (mOhm)"; Value = "10"; VariantName = "[No Variations]"
Add component (AddParameter): Name = "Maximum Current Rating (A)"; Value = "4/Contact"; VariantName = "[No Variations]"
Add component (AddParameter): Name = "Maximum Operating Temperature (°C)"; Value = "80"; VariantName = "[No Variations]"
Add component (AddParameter): Name = "Maximum Voltage Rating"; Value = "500V"; VariantName = "[No Variations]"
Add component (AddParameter): Name = "Minimum Operating Temperature (°C)"; Value = "-40"; VariantName = "[No Variations]"
Add component (AddParameter): Name = "Mounting"; Value = "Through Hole"; VariantName = "[No Variations]"
Add component (AddParameter): Name = "Number of Contacts"; Value = "2"; VariantName = "[No Variations]"
Add component (AddParameter): Name = "Number of Rows"; Value = "1"; VariantName = "[No Variations]"
Add component (AddParameter): Name = "Packaging"; Value = "Bag"; VariantName = "[No Variations]"
Add component (AddParameter): Name = "Part Status"; Value = "Active"; VariantName = "[No Variations]"
Add component (AddParameter): Name = "Pricing 1"; Value = "1=0.48, 10=0.452, 100=0.3163, 500=0.2711, 1000=0.2259, 5000=0.1937, 10000=0.1807 (USD)"; VariantName = "[No Variations]"
Add component (AddParameter): Name = "Product Depth (mm)"; Value = "5.8"; VariantName = "[No Variations]"
Add component (AddParameter): Name = "Product Height (mm)"; Value = "11.7"; VariantName = "[No Variations]"
Add component (AddParameter): Name = "Product Length (mm)"; Value = "5.08"; VariantName = "[No Variations]"
Add component (AddParameter): Name = "Product Weight (g)"; Value = "0.216"; VariantName = "[No Variations]"
Add component (AddParameter): Name = "Stock 1"; Value = "18862"; VariantName = "[No Variations]"
Add component (AddParameter): Name = "Supplier 1"; Value = "Digi-Key"; VariantName = "[No Variations]"
Add component (AddParameter): Name = "Supplier Part Number 1"; Value = "WM2744-ND"; VariantName = "[No Variations]"
Add component (AddParameter): Name = "Terminal Pitch (mm)"; Value = "2.54"; VariantName = "[No Variations]"
Add component (AddParameter): Name = "Termination Method"; Value = "Solder"; VariantName = "[No Variations]"
Add component (AddParameter): Name = "Tradename"; Value = "KK®"; VariantName = "[No Variations]"
Add component (AddParameter): Name = "Type"; Value = "Wire to Board"; VariantName = "[No Variations]"
Added Component: Designator=R1(R0805)
Add component. Clean all parameters for all variants
Add component (AddParameter): Name = "Anti-Sulfurated"; Value = "No"; VariantName = "[No Variations]"
Add component (AddParameter): Name = "Anti-Surge"; Value = "No"; VariantName = "[No Variations]"
Add component (AddParameter): Name = "Case Size"; Value = "805"; VariantName = "[No Variations]"
Add component (AddParameter): Name = "Category"; Value = "Resistors"; VariantName = "[No Variations]"
Add component (AddParameter): Name = "ComponentLink1Description"; Value = "http://www.vishay.com/docs/20035/dcrcwe3.pdf?src-supplier=Digi-Key"; VariantName = "[No Variations]"
Add component (AddParameter): Name = "ComponentLink1URL"; Value = "http://www.vishay.com/docs/20035/dcrcwe3.pdf?src-supplier=Digi-Key"; VariantName = "[No Variations]"
Add component (AddParameter): Name = "Current Sensing"; Value = "No"; VariantName = "[No Variations]"
Add component (AddParameter): Name = "Depth Tolerance (mm)"; Value = "±0.15"; VariantName = "[No Variations]"
Add component (AddParameter): Name = "ECCN (US)"; Value = "EAR99"; VariantName = "[No Variations]"
Add component (AddParameter): Name = "EU RoHS"; Value = "Compliant with Exemption"; VariantName = "[No Variations]"
Add component (AddParameter): Name = "Fail Safe Fusible Resistor"; Value = "No"; VariantName = "[No Variations]"
Add component (AddParameter): Name = "Height Tolerance (mm)"; Value = "±0.05"; VariantName = "[No Variations]"
Add component (AddParameter): Name = "Length Tolerance (mm)"; Value = "-0.1|+0.2"; VariantName = "[No Variations]"
Add component (AddParameter): Name = "Manufacturer"; Value = "Vishay"; VariantName = "[No Variations]"
Add component (AddParameter): Name = "Manufacturer Part Number"; Value = "CRCW0805360RFKEA"; VariantName = "[No Variations]"
Add component (AddParameter): Name = "Maximum Operating Temperature (°C)"; Value = "155"; VariantName = "[No Variations]"
Add component (AddParameter): Name = "Maximum Voltage Rating (V)"; Value = "150"; VariantName = "[No Variations]"
Add component (AddParameter): Name = "Minimum Operating Temperature (°C)"; Value = "-55"; VariantName = "[No Variations]"
Add component (AddParameter): Name = "Mounting"; Value = "Surface Mount"; VariantName = "[No Variations]"
Add component (AddParameter): Name = "Number of Terminals"; Value = "2"; VariantName = "[No Variations]"
Add component (AddParameter): Name = "Package/Case"; Value = "805"; VariantName = "[No Variations]"
Add component (AddParameter): Name = "Package Shape"; Value = "Rectangular"; VariantName = "[No Variations]"
Add component (AddParameter): Name = "Package Type"; Value = "SMD"; VariantName = "[No Variations]"
Add component (AddParameter): Name = "Packaging"; Value = "Tape and Reel"; VariantName = "[No Variations]"
Add component (AddParameter): Name = "Part Status"; Value = "Active"; VariantName = "[No Variations]"
Add component (AddParameter): Name = "Power Rating (W)"; Value = "0.125 (1/8)"; VariantName = "[No Variations]"
Add component (AddParameter): Name = "Pricing 1"; Value = "1=0.1, 10=0.062, 100=0.0254, 1000=0.0114, 2500=0.0099 (USD)"; VariantName = "[No Variations]"
Add component (AddParameter): Name = "Product Depth (mm)"; Value = "1.25"; VariantName = "[No Variations]"
Add component (AddParameter): Name = "Product Height (mm)"; Value = "0.45"; VariantName = "[No Variations]"
Add component (AddParameter): Name = "Product Length (mm)"; Value = "2"; VariantName = "[No Variations]"
Add component (AddParameter): Name = "Product Weight (g)"; Value = "0.0055"; VariantName = "[No Variations]"
Add component (AddParameter): Name = "Resistance Value (Ohm)"; Value = "360"; VariantName = "[No Variations]"
Add component (AddParameter): Name = "Stock 1"; Value = "5538"; VariantName = "[No Variations]"
Add component (AddParameter): Name = "Supplier 1"; Value = "Digi-Key"; VariantName = "[No Variations]"
Add component (AddParameter): Name = "Supplier Part Number 1"; Value = "541-360CCT-ND"; VariantName = "[No Variations]"
Add component (AddParameter): Name = "Technology"; Value = "Thick Film"; VariantName = "[No Variations]"
Add component (AddParameter): Name = "Temperature Coefficient (ppm/°C)"; Value = "±100"; VariantName = "[No Variations]"
Add component (AddParameter): Name = "Temperature Range @ Derated Power ("; Value = "70 to 155"; VariantName = "[No Variations]"
Add component (AddParameter): Name = "Termination Style"; Value = "Pad"; VariantName = "[No Variations]"
Add component (AddParameter): Name = "Tolerance"; Value = "1%"; VariantName = "[No Variations]"
Added Pin To Net: NetName=+3.3V Pin=J1-1
Added Pin To Net: NetName=+3.3V Pin=R1-2
Added Net: Name=+3.3V
Added Pin To Net: NetName=GND Pin=D1-1
Added Pin To Net: NetName=GND Pin=J1-2
Added Net: Name=GND
Added Pin To Net: NetName=R-LED Pin=D1-2
Added Pin To Net: NetName=R-LED Pin=R1-1
Added Net: Name=R-LED
