Port monitor named: Port1_e1.prt

nx        = 61
ny        = 46
nz        = 24

nu        = 9
nv        = 31
iu        = 10
iv        = 16

idir      = 1
dcut      = 3.800000e-002
icut      = 40
type      = 0
frequency = 1.000000e+009

fcutoff   = 0.000000e+000
alpha     = 0.000000e+000
beta      = 3.885670e+001
accuracy  = 9.680190e-010

type          = QTEM
wave imp.     = 2.073105e+002
wave imp.sig. = 3.486810e-007
line imp.     = 4.992560e+001

ref. port     = 0

-1.989448e+001  -1.927458e+001  -1.808956e+001  -7.522773e+001  -7.186995e+001  -6.711489e+001  -5.350540e+001  -2.159100e+001  -0.000000e+000  
-2.060019e+001  -1.991656e+001  -1.861552e+001  -7.714106e+001  -7.354929e+001  -6.851493e+001  -5.422481e+001  -2.169107e+001  -0.000000e+000  
-2.207358e+001  -2.125039e+001  -1.969589e+001  -8.102323e+001  -7.693360e+001  -7.131356e+001  -5.561363e+001  -2.186379e+001  -0.000000e+000  
-2.447459e+001  -2.340637e+001  -2.140882e+001  -8.704774e+001  -8.212347e+001  -7.554529e+001  -5.758649e+001  -2.205623e+001  -0.000000e+000  
-2.808363e+001  -2.661087e+001  -2.388542e+001  -9.548271e+001  -8.926067e+001  -8.124343e+001  -5.999375e+001  -2.218566e+001  -0.000000e+000  
-3.336507e+001  -3.123469e+001  -2.733150e+001  -1.067009e+002  -9.851244e+001  -8.841210e+001  -6.259462e+001  -2.213614e+001  -0.000000e+000  
-4.107410e+001  -3.787464e+001  -3.206194e+001  -1.211774e+002  -1.100262e+002  -9.696582e+001  -6.501653e+001  -2.175526e+001  -0.000000e+000  
-8.834969e+001  -7.752303e+001  -5.804044e+001  -1.904588e+002  -1.604250e+002  -1.305452e+002  -6.785107e+001  -1.724739e+001  -0.000000e+000  
-2.556144e+002  -2.130257e+002  -1.329608e+002  -3.120687e+002  -2.138004e+002  -1.408513e+002  -3.186703e+001  4.179620e-002  -0.000000e+000  
-4.100851e+002  -3.452209e+002  -2.047484e+002  -3.364040e+002  -1.785531e+002  -9.048582e+001  2.660518e+000  9.274916e+000  -0.000000e+000  
-6.391721e+002  -5.645463e+002  -3.534563e+002  -2.982799e+002  -7.173808e+001  8.879630e+000  4.827456e+001  1.968584e+001  -0.000000e+000  
-9.539107e+002  -9.411992e+002  -7.909431e+002  8.971296e+000  1.856104e+002  1.739093e+002  1.009165e+002  3.021505e+001  -0.000000e+000  
-1.151308e+003  -1.246479e+003  -1.604501e+003  9.423058e+002  4.365657e+002  2.842130e+002  1.309787e+002  3.595609e+001  -0.000000e+000  
-1.364763e+003  -1.489607e+003  -1.823017e+003  8.943232e+002  5.630494e+002  3.867673e+002  1.667758e+002  4.286089e+001  -0.000000e+000  
-1.465350e+003  -1.544888e+003  -1.673447e+003  7.223807e+002  5.671232e+002  4.256237e+002  1.886044e+002  4.730312e+001  -0.000000e+000  
-1.493497e+003  -1.554948e+003  -1.637341e+003  6.759534e+002  5.614952e+002  4.345148e+002  1.958256e+002  4.883146e+001  -0.000000e+000  
-1.465350e+003  -1.544888e+003  -1.673447e+003  7.223807e+002  5.671232e+002  4.256237e+002  1.886044e+002  4.730312e+001  -0.000000e+000  
-1.364763e+003  -1.489607e+003  -1.823017e+003  8.943232e+002  5.630494e+002  3.867673e+002  1.667758e+002  4.286089e+001  -0.000000e+000  
-1.151308e+003  -1.246479e+003  -1.604501e+003  9.423058e+002  4.365657e+002  2.842130e+002  1.309787e+002  3.595609e+001  -0.000000e+000  
-9.539107e+002  -9.411992e+002  -7.909431e+002  8.971296e+000  1.856104e+002  1.739093e+002  1.009165e+002  3.021505e+001  -0.000000e+000  
-6.391721e+002  -5.645463e+002  -3.534563e+002  -2.982799e+002  -7.173808e+001  8.879630e+000  4.827456e+001  1.968584e+001  -0.000000e+000  
-4.100851e+002  -3.452209e+002  -2.047484e+002  -3.364040e+002  -1.785531e+002  -9.048582e+001  2.660518e+000  9.274916e+000  -0.000000e+000  
-2.556144e+002  -2.130257e+002  -1.329608e+002  -3.120687e+002  -2.138004e+002  -1.408513e+002  -3.186703e+001  4.179621e-002  -0.000000e+000  
-8.834969e+001  -7.752303e+001  -5.804044e+001  -1.904588e+002  -1.604250e+002  -1.305452e+002  -6.785107e+001  -1.724739e+001  -0.000000e+000  
-4.107410e+001  -3.787464e+001  -3.206194e+001  -1.211774e+002  -1.100262e+002  -9.696582e+001  -6.501653e+001  -2.175526e+001  -0.000000e+000  
-3.336507e+001  -3.123469e+001  -2.733150e+001  -1.067009e+002  -9.851244e+001  -8.841210e+001  -6.259462e+001  -2.213614e+001  -0.000000e+000  
-2.808363e+001  -2.661087e+001  -2.388542e+001  -9.548271e+001  -8.926067e+001  -8.124343e+001  -5.999375e+001  -2.218566e+001  -0.000000e+000  
-2.447459e+001  -2.340637e+001  -2.140882e+001  -8.704774e+001  -8.212347e+001  -7.554529e+001  -5.758649e+001  -2.205623e+001  -0.000000e+000  
-2.207358e+001  -2.125039e+001  -1.969589e+001  -8.102323e+001  -7.693360e+001  -7.131356e+001  -5.561363e+001  -2.186379e+001  -0.000000e+000  
-2.060019e+001  -1.991656e+001  -1.861552e+001  -7.714106e+001  -7.354929e+001  -6.851493e+001  -5.422481e+001  -2.169107e+001  -0.000000e+000  
-1.989448e+001  -1.927458e+001  -1.808956e+001  -7.522773e+001  -7.186995e+001  -6.711489e+001  -5.350540e+001  -2.159100e+001  -0.000000e+000  

-0.000000e+000  -3.881101e-001  -7.207919e-001  -9.532022e-001  -2.578277e+000  -3.992574e+000  -5.153844e+000  -7.126000e+000  -7.290335e+000  
-0.000000e+000  -8.339186e-001  -1.545650e+000  -2.036886e+000  -5.341768e+000  -8.196146e+000  -1.051827e+001  -1.429115e+001  -1.450240e+001  
-0.000000e+000  -1.420247e+000  -2.624040e+000  -3.438650e+000  -8.586321e+000  -1.297357e+001  -1.648582e+001  -2.175087e+001  -2.177454e+001  
-0.000000e+000  -2.255523e+000  -4.149952e+000  -5.397863e+000  -1.264138e+001  -1.869257e+001  -2.342160e+001  -2.964159e+001  -2.911170e+001  
-0.000000e+000  -3.506166e+000  -6.419419e+000  -8.275153e+000  -1.796471e+001  -2.583154e+001  -3.177211e+001  -3.808412e+001  -3.648862e+001  
-0.000000e+000  -5.439147e+000  -9.905712e+000  -1.264078e+001  -2.522330e+001  -3.503565e+001  -4.209326e+001  -4.716952e+001  -4.383748e+001  
-0.000000e+000  -1.170736e+001  -2.115695e+001  -2.656840e+001  -4.615509e+001  -5.998832e+001  -6.873649e+001  -6.722110e+001  -5.861358e+001  
-0.000000e+000  -4.628880e+001  -8.306580e+001  -1.017169e+002  -1.364900e+002  -1.501314e+002  -1.506059e+002  -1.030656e+002  -7.562039e+001  
-0.000000e+000  -1.390510e+002  -2.572357e+002  -3.189936e+002  -3.379930e+002  -2.992727e+002  -2.464543e+002  -1.171808e+002  -7.351891e+001  
-0.000000e+000  -2.082212e+002  -4.070824e+002  -5.397627e+002  -4.967353e+002  -3.873398e+002  -2.862177e+002  -1.177679e+002  -6.903204e+001  
-0.000000e+000  -2.879857e+002  -6.330731e+002  -1.033724e+003  -7.254845e+002  -4.679891e+002  -3.024061e+002  -1.096052e+002  -6.064123e+001  
-0.000000e+000  -2.986861e+002  -7.623114e+002  -2.137632e+003  -8.687868e+002  -4.576021e+002  -2.757541e+002  -9.464264e+001  -5.073269e+001  
-0.000000e+000  -2.224854e+002  -4.760089e+002  -0.000000e+000  -4.865783e+002  -3.419745e+002  -2.249244e+002  -7.631895e+001  -3.997322e+001  
-0.000000e+000  -1.043330e+002  -1.605980e+002  -0.000000e+000  -1.902576e+002  -1.838921e+002  -1.390010e+002  -4.831805e+001  -2.496267e+001  
-0.000000e+000  -2.907215e+001  -3.897470e+001  -0.000000e+000  -5.126251e+001  -5.696540e+001  -4.654259e+001  -1.652032e+001  -8.488713e+000  
-0.000000e+000  2.907215e+001  3.897470e+001  -0.000000e+000  5.126251e+001  5.696540e+001  4.654259e+001  1.652032e+001  8.488714e+000  
-0.000000e+000  1.043330e+002  1.605980e+002  -0.000000e+000  1.902576e+002  1.838921e+002  1.390010e+002  4.831805e+001  2.496268e+001  
-0.000000e+000  2.224854e+002  4.760089e+002  -0.000000e+000  4.865783e+002  3.419745e+002  2.249244e+002  7.631895e+001  3.997322e+001  
-0.000000e+000  2.986861e+002  7.623114e+002  2.137632e+003  8.687868e+002  4.576021e+002  2.757541e+002  9.464264e+001  5.073269e+001  
-0.000000e+000  2.879857e+002  6.330731e+002  1.033724e+003  7.254845e+002  4.679891e+002  3.024061e+002  1.096052e+002  6.064123e+001  
-0.000000e+000  2.082212e+002  4.070824e+002  5.397627e+002  4.967353e+002  3.873398e+002  2.862177e+002  1.177679e+002  6.903204e+001  
-0.000000e+000  1.390510e+002  2.572357e+002  3.189936e+002  3.379930e+002  2.992727e+002  2.464543e+002  1.171808e+002  7.351891e+001  
-0.000000e+000  4.628880e+001  8.306580e+001  1.017169e+002  1.364900e+002  1.501314e+002  1.506059e+002  1.030656e+002  7.562039e+001  
-0.000000e+000  1.170736e+001  2.115695e+001  2.656840e+001  4.615509e+001  5.998832e+001  6.873649e+001  6.722110e+001  5.861358e+001  
-0.000000e+000  5.439147e+000  9.905713e+000  1.264078e+001  2.522330e+001  3.503565e+001  4.209326e+001  4.716952e+001  4.383748e+001  
-0.000000e+000  3.506166e+000  6.419419e+000  8.275153e+000  1.796471e+001  2.583154e+001  3.177211e+001  3.808412e+001  3.648862e+001  
-0.000000e+000  2.255523e+000  4.149952e+000  5.397864e+000  1.264138e+001  1.869257e+001  2.342160e+001  2.964159e+001  2.911170e+001  
-0.000000e+000  1.420247e+000  2.624040e+000  3.438650e+000  8.586321e+000  1.297357e+001  1.648582e+001  2.175087e+001  2.177454e+001  
-0.000000e+000  8.339187e-001  1.545650e+000  2.036886e+000  5.341769e+000  8.196147e+000  1.051827e+001  1.429115e+001  1.450240e+001  
-0.000000e+000  3.881101e-001  7.207920e-001  9.532023e-001  2.578277e+000  3.992574e+000  5.153844e+000  7.126000e+000  7.290335e+000  
-0.000000e+000  -0.000000e+000  -0.000000e+000  -0.000000e+000  -0.000000e+000  -0.000000e+000  -0.000000e+000  -0.000000e+000  -0.000000e+000  

0.000000e+000  0.000000e+000  0.000000e+000  0.000000e+000  0.000000e+000  0.000000e+000  0.000000e+000  0.000000e+000  0.000000e+000  
0.000000e+000  0.000000e+000  0.000000e+000  0.000000e+000  0.000000e+000  0.000000e+000  0.000000e+000  0.000000e+000  0.000000e+000  
0.000000e+000  0.000000e+000  0.000000e+000  0.000000e+000  0.000000e+000  0.000000e+000  0.000000e+000  0.000000e+000  0.000000e+000  
0.000000e+000  0.000000e+000  0.000000e+000  0.000000e+000  0.000000e+000  0.000000e+000  0.000000e+000  0.000000e+000  0.000000e+000  
0.000000e+000  0.000000e+000  0.000000e+000  0.000000e+000  0.000000e+000  0.000000e+000  0.000000e+000  0.000000e+000  0.000000e+000  
0.000000e+000  0.000000e+000  0.000000e+000  0.000000e+000  0.000000e+000  0.000000e+000  0.000000e+000  0.000000e+000  0.000000e+000  
0.000000e+000  0.000000e+000  0.000000e+000  0.000000e+000  0.000000e+000  0.000000e+000  0.000000e+000  0.000000e+000  0.000000e+000  
0.000000e+000  0.000000e+000  0.000000e+000  0.000000e+000  0.000000e+000  0.000000e+000  0.000000e+000  0.000000e+000  0.000000e+000  
0.000000e+000  0.000000e+000  0.000000e+000  0.000000e+000  0.000000e+000  0.000000e+000  0.000000e+000  0.000000e+000  0.000000e+000  
0.000000e+000  0.000000e+000  0.000000e+000  0.000000e+000  0.000000e+000  0.000000e+000  0.000000e+000  0.000000e+000  0.000000e+000  
0.000000e+000  0.000000e+000  0.000000e+000  0.000000e+000  0.000000e+000  0.000000e+000  0.000000e+000  0.000000e+000  0.000000e+000  
0.000000e+000  0.000000e+000  0.000000e+000  0.000000e+000  0.000000e+000  0.000000e+000  0.000000e+000  0.000000e+000  0.000000e+000  
0.000000e+000  0.000000e+000  0.000000e+000  0.000000e+000  0.000000e+000  0.000000e+000  0.000000e+000  0.000000e+000  0.000000e+000  
0.000000e+000  0.000000e+000  0.000000e+000  0.000000e+000  0.000000e+000  0.000000e+000  0.000000e+000  0.000000e+000  0.000000e+000  
0.000000e+000  0.000000e+000  0.000000e+000  0.000000e+000  0.000000e+000  0.000000e+000  0.000000e+000  0.000000e+000  0.000000e+000  
0.000000e+000  0.000000e+000  0.000000e+000  0.000000e+000  0.000000e+000  0.000000e+000  0.000000e+000  0.000000e+000  0.000000e+000  
0.000000e+000  0.000000e+000  0.000000e+000  0.000000e+000  0.000000e+000  0.000000e+000  0.000000e+000  0.000000e+000  0.000000e+000  
0.000000e+000  0.000000e+000  0.000000e+000  0.000000e+000  0.000000e+000  0.000000e+000  0.000000e+000  0.000000e+000  0.000000e+000  
0.000000e+000  0.000000e+000  0.000000e+000  0.000000e+000  0.000000e+000  0.000000e+000  0.000000e+000  0.000000e+000  0.000000e+000  
0.000000e+000  0.000000e+000  0.000000e+000  0.000000e+000  0.000000e+000  0.000000e+000  0.000000e+000  0.000000e+000  0.000000e+000  
0.000000e+000  0.000000e+000  0.000000e+000  0.000000e+000  0.000000e+000  0.000000e+000  0.000000e+000  0.000000e+000  0.000000e+000  
0.000000e+000  0.000000e+000  0.000000e+000  0.000000e+000  0.000000e+000  0.000000e+000  0.000000e+000  0.000000e+000  0.000000e+000  
0.000000e+000  0.000000e+000  0.000000e+000  0.000000e+000  0.000000e+000  0.000000e+000  0.000000e+000  0.000000e+000  0.000000e+000  
0.000000e+000  0.000000e+000  0.000000e+000  0.000000e+000  0.000000e+000  0.000000e+000  0.000000e+000  0.000000e+000  0.000000e+000  
0.000000e+000  0.000000e+000  0.000000e+000  0.000000e+000  0.000000e+000  0.000000e+000  0.000000e+000  0.000000e+000  0.000000e+000  
0.000000e+000  0.000000e+000  0.000000e+000  0.000000e+000  0.000000e+000  0.000000e+000  0.000000e+000  0.000000e+000  0.000000e+000  
0.000000e+000  0.000000e+000  0.000000e+000  0.000000e+000  0.000000e+000  0.000000e+000  0.000000e+000  0.000000e+000  0.000000e+000  
0.000000e+000  0.000000e+000  0.000000e+000  0.000000e+000  0.000000e+000  0.000000e+000  0.000000e+000  0.000000e+000  0.000000e+000  
0.000000e+000  0.000000e+000  0.000000e+000  0.000000e+000  0.000000e+000  0.000000e+000  0.000000e+000  0.000000e+000  0.000000e+000  
0.000000e+000  0.000000e+000  0.000000e+000  0.000000e+000  0.000000e+000  0.000000e+000  0.000000e+000  0.000000e+000  0.000000e+000  
0.000000e+000  0.000000e+000  0.000000e+000  0.000000e+000  0.000000e+000  0.000000e+000  0.000000e+000  0.000000e+000  0.000000e+000  

0.000000e+000  0.000000e+000  0.000000e+000  0.000000e+000  0.000000e+000  0.000000e+000  0.000000e+000  0.000000e+000  0.000000e+000  
0.000000e+000  0.000000e+000  0.000000e+000  0.000000e+000  0.000000e+000  0.000000e+000  0.000000e+000  0.000000e+000  0.000000e+000  
0.000000e+000  0.000000e+000  0.000000e+000  0.000000e+000  0.000000e+000  0.000000e+000  0.000000e+000  0.000000e+000  0.000000e+000  
0.000000e+000  0.000000e+000  0.000000e+000  0.000000e+000  0.000000e+000  0.000000e+000  0.000000e+000  0.000000e+000  0.000000e+000  
0.000000e+000  0.000000e+000  0.000000e+000  0.000000e+000  0.000000e+000  0.000000e+000  0.000000e+000  0.000000e+000  0.000000e+000  
0.000000e+000  0.000000e+000  0.000000e+000  0.000000e+000  0.000000e+000  0.000000e+000  0.000000e+000  0.000000e+000  0.000000e+000  
0.000000e+000  0.000000e+000  0.000000e+000  0.000000e+000  0.000000e+000  0.000000e+000  0.000000e+000  0.000000e+000  0.000000e+000  
0.000000e+000  0.000000e+000  0.000000e+000  0.000000e+000  0.000000e+000  0.000000e+000  0.000000e+000  0.000000e+000  0.000000e+000  
0.000000e+000  0.000000e+000  0.000000e+000  0.000000e+000  0.000000e+000  0.000000e+000  0.000000e+000  0.000000e+000  0.000000e+000  
0.000000e+000  0.000000e+000  0.000000e+000  0.000000e+000  0.000000e+000  0.000000e+000  0.000000e+000  0.000000e+000  0.000000e+000  
0.000000e+000  0.000000e+000  0.000000e+000  0.000000e+000  0.000000e+000  0.000000e+000  0.000000e+000  0.000000e+000  0.000000e+000  
0.000000e+000  0.000000e+000  0.000000e+000  0.000000e+000  0.000000e+000  0.000000e+000  0.000000e+000  0.000000e+000  0.000000e+000  
0.000000e+000  0.000000e+000  0.000000e+000  0.000000e+000  0.000000e+000  0.000000e+000  0.000000e+000  0.000000e+000  0.000000e+000  
0.000000e+000  0.000000e+000  0.000000e+000  0.000000e+000  0.000000e+000  0.000000e+000  0.000000e+000  0.000000e+000  0.000000e+000  
0.000000e+000  0.000000e+000  0.000000e+000  0.000000e+000  0.000000e+000  0.000000e+000  0.000000e+000  0.000000e+000  0.000000e+000  
0.000000e+000  0.000000e+000  0.000000e+000  0.000000e+000  0.000000e+000  0.000000e+000  0.000000e+000  0.000000e+000  0.000000e+000  
0.000000e+000  0.000000e+000  0.000000e+000  0.000000e+000  0.000000e+000  0.000000e+000  0.000000e+000  0.000000e+000  0.000000e+000  
0.000000e+000  0.000000e+000  0.000000e+000  0.000000e+000  0.000000e+000  0.000000e+000  0.000000e+000  0.000000e+000  0.000000e+000  
0.000000e+000  0.000000e+000  0.000000e+000  0.000000e+000  0.000000e+000  0.000000e+000  0.000000e+000  0.000000e+000  0.000000e+000  
0.000000e+000  0.000000e+000  0.000000e+000  0.000000e+000  0.000000e+000  0.000000e+000  0.000000e+000  0.000000e+000  0.000000e+000  
0.000000e+000  0.000000e+000  0.000000e+000  0.000000e+000  0.000000e+000  0.000000e+000  0.000000e+000  0.000000e+000  0.000000e+000  
0.000000e+000  0.000000e+000  0.000000e+000  0.000000e+000  0.000000e+000  0.000000e+000  0.000000e+000  0.000000e+000  0.000000e+000  
0.000000e+000  0.000000e+000  0.000000e+000  0.000000e+000  0.000000e+000  0.000000e+000  0.000000e+000  0.000000e+000  0.000000e+000  
0.000000e+000  0.000000e+000  0.000000e+000  0.000000e+000  0.000000e+000  0.000000e+000  0.000000e+000  0.000000e+000  0.000000e+000  
0.000000e+000  0.000000e+000  0.000000e+000  0.000000e+000  0.000000e+000  0.000000e+000  0.000000e+000  0.000000e+000  0.000000e+000  
0.000000e+000  0.000000e+000  0.000000e+000  0.000000e+000  0.000000e+000  0.000000e+000  0.000000e+000  0.000000e+000  0.000000e+000  
0.000000e+000  0.000000e+000  0.000000e+000  0.000000e+000  0.000000e+000  0.000000e+000  0.000000e+000  0.000000e+000  0.000000e+000  
0.000000e+000  0.000000e+000  0.000000e+000  0.000000e+000  0.000000e+000  0.000000e+000  0.000000e+000  0.000000e+000  0.000000e+000  
0.000000e+000  0.000000e+000  0.000000e+000  0.000000e+000  0.000000e+000  0.000000e+000  0.000000e+000  0.000000e+000  0.000000e+000  
0.000000e+000  0.000000e+000  0.000000e+000  0.000000e+000  0.000000e+000  0.000000e+000  0.000000e+000  0.000000e+000  0.000000e+000  
0.000000e+000  0.000000e+000  0.000000e+000  0.000000e+000  0.000000e+000  0.000000e+000  0.000000e+000  0.000000e+000  0.000000e+000  

0.000000e+000  0.000000e+000  0.000000e+000  0.000000e+000  0.000000e+000  0.000000e+000  0.000000e+000  0.000000e+000  0.000000e+000  
0.000000e+000  0.000000e+000  0.000000e+000  0.000000e+000  0.000000e+000  0.000000e+000  0.000000e+000  0.000000e+000  0.000000e+000  
0.000000e+000  0.000000e+000  0.000000e+000  0.000000e+000  0.000000e+000  0.000000e+000  0.000000e+000  0.000000e+000  0.000000e+000  
0.000000e+000  0.000000e+000  0.000000e+000  0.000000e+000  0.000000e+000  0.000000e+000  0.000000e+000  0.000000e+000  0.000000e+000  
0.000000e+000  0.000000e+000  0.000000e+000  0.000000e+000  0.000000e+000  0.000000e+000  0.000000e+000  0.000000e+000  0.000000e+000  
0.000000e+000  0.000000e+000  0.000000e+000  0.000000e+000  0.000000e+000  0.000000e+000  0.000000e+000  0.000000e+000  0.000000e+000  
0.000000e+000  0.000000e+000  0.000000e+000  0.000000e+000  0.000000e+000  0.000000e+000  0.000000e+000  0.000000e+000  0.000000e+000  
0.000000e+000  0.000000e+000  0.000000e+000  0.000000e+000  0.000000e+000  0.000000e+000  0.000000e+000  0.000000e+000  0.000000e+000  
0.000000e+000  0.000000e+000  0.000000e+000  0.000000e+000  0.000000e+000  0.000000e+000  0.000000e+000  0.000000e+000  0.000000e+000  
0.000000e+000  0.000000e+000  0.000000e+000  0.000000e+000  0.000000e+000  0.000000e+000  0.000000e+000  0.000000e+000  0.000000e+000  
0.000000e+000  0.000000e+000  0.000000e+000  0.000000e+000  0.000000e+000  0.000000e+000  0.000000e+000  0.000000e+000  0.000000e+000  
0.000000e+000  0.000000e+000  0.000000e+000  0.000000e+000  0.000000e+000  0.000000e+000  0.000000e+000  0.000000e+000  0.000000e+000  
0.000000e+000  0.000000e+000  0.000000e+000  0.000000e+000  0.000000e+000  0.000000e+000  0.000000e+000  0.000000e+000  0.000000e+000  
0.000000e+000  0.000000e+000  0.000000e+000  0.000000e+000  0.000000e+000  0.000000e+000  0.000000e+000  0.000000e+000  0.000000e+000  
0.000000e+000  0.000000e+000  0.000000e+000  0.000000e+000  0.000000e+000  0.000000e+000  0.000000e+000  0.000000e+000  0.000000e+000  
0.000000e+000  0.000000e+000  0.000000e+000  0.000000e+000  0.000000e+000  0.000000e+000  0.000000e+000  0.000000e+000  0.000000e+000  
0.000000e+000  0.000000e+000  0.000000e+000  0.000000e+000  0.000000e+000  0.000000e+000  0.000000e+000  0.000000e+000  0.000000e+000  
0.000000e+000  0.000000e+000  0.000000e+000  0.000000e+000  0.000000e+000  0.000000e+000  0.000000e+000  0.000000e+000  0.000000e+000  
0.000000e+000  0.000000e+000  0.000000e+000  0.000000e+000  0.000000e+000  0.000000e+000  0.000000e+000  0.000000e+000  0.000000e+000  
0.000000e+000  0.000000e+000  0.000000e+000  0.000000e+000  0.000000e+000  0.000000e+000  0.000000e+000  0.000000e+000  0.000000e+000  
0.000000e+000  0.000000e+000  0.000000e+000  0.000000e+000  0.000000e+000  0.000000e+000  0.000000e+000  0.000000e+000  0.000000e+000  
0.000000e+000  0.000000e+000  0.000000e+000  0.000000e+000  0.000000e+000  0.000000e+000  0.000000e+000  0.000000e+000  0.000000e+000  
0.000000e+000  0.000000e+000  0.000000e+000  0.000000e+000  0.000000e+000  0.000000e+000  0.000000e+000  0.000000e+000  0.000000e+000  
0.000000e+000  0.000000e+000  0.000000e+000  0.000000e+000  0.000000e+000  0.000000e+000  0.000000e+000  0.000000e+000  0.000000e+000  
0.000000e+000  0.000000e+000  0.000000e+000  0.000000e+000  0.000000e+000  0.000000e+000  0.000000e+000  0.000000e+000  0.000000e+000  
0.000000e+000  0.000000e+000  0.000000e+000  0.000000e+000  0.000000e+000  0.000000e+000  0.000000e+000  0.000000e+000  0.000000e+000  
0.000000e+000  0.000000e+000  0.000000e+000  0.000000e+000  0.000000e+000  0.000000e+000  0.000000e+000  0.000000e+000  0.000000e+000  
0.000000e+000  0.000000e+000  0.000000e+000  0.000000e+000  0.000000e+000  0.000000e+000  0.000000e+000  0.000000e+000  0.000000e+000  
0.000000e+000  0.000000e+000  0.000000e+000  0.000000e+000  0.000000e+000  0.000000e+000  0.000000e+000  0.000000e+000  0.000000e+000  
0.000000e+000  0.000000e+000  0.000000e+000  0.000000e+000  0.000000e+000  0.000000e+000  0.000000e+000  0.000000e+000  0.000000e+000  
0.000000e+000  0.000000e+000  0.000000e+000  0.000000e+000  0.000000e+000  0.000000e+000  0.000000e+000  0.000000e+000  0.000000e+000  

-0.000000e+000  -4.445168e+000  -8.821813e+000  -1.306251e+001  -1.364748e+001  -1.408453e+001  -1.440024e+001  -1.474115e+001  -1.469552e+001  
-0.000000e+000  -4.520525e+000  -8.971316e+000  -1.328360e+001  -1.384314e+001  -1.425359e+001  -1.454359e+001  -1.481168e+001  -1.473513e+001  
-0.000000e+000  -4.671385e+000  -9.270791e+000  -1.372687e+001  -1.423321e+001  -1.458864e+001  -1.482601e+001  -1.494847e+001  -1.481123e+001  
-0.000000e+000  -4.900171e+000  -9.725479e+000  -1.440101e+001  -1.482071e+001  -1.508820e+001  -1.524278e+001  -1.514509e+001  -1.491894e+001  
-0.000000e+000  -5.209919e+000  -1.034222e+001  -1.531801e+001  -1.560857e+001  -1.574833e+001  -1.578524e+001  -1.539160e+001  -1.505106e+001  
-0.000000e+000  -5.603474e+000  -1.112817e+001  -1.649177e+001  -1.659768e+001  -1.656058e+001  -1.643902e+001  -1.567438e+001  -1.519836e+001  
-0.000000e+000  -6.081731e+000  -1.208768e+001  -1.793470e+001  -1.778289e+001  -1.750835e+001  -1.718102e+001  -1.597579e+001  -1.534985e+001  
-0.000000e+000  -8.082189e+000  -1.615305e+001  -2.416596e+001  -2.260452e+001  -2.112617e+001  -1.982334e+001  -1.689297e+001  -1.576950e+001  
-0.000000e+000  -1.011866e+001  -2.068503e+001  -3.204167e+001  -2.723328e+001  -2.358819e+001  -2.089697e+001  -1.690714e+001  -1.571929e+001  
-0.000000e+000  -9.685712e+000  -2.021588e+001  -3.251184e+001  -2.641852e+001  -2.249846e+001  -1.990817e+001  -1.657447e+001  -1.559173e+001  
-0.000000e+000  -8.263909e+000  -1.767904e+001  -3.020707e+001  -2.343572e+001  -2.010061e+001  -1.823054e+001  -1.611115e+001  -1.542683e+001  
-0.000000e+000  -5.499762e+000  -1.151791e+001  -2.112265e+001  -1.697152e+001  -1.624793e+001  -1.603124e+001  -1.558436e+001  -1.524924e+001  
-0.000000e+000  -3.529088e+000  -5.755832e+000  -0.000000e+000  -1.135393e+001  -1.368084e+001  -1.470063e+001  -1.528101e+001  -1.514948e+001  
-0.000000e+000  -1.652856e+000  -2.153602e+000  -0.000000e+000  -7.073627e+000  -1.086576e+001  -1.305029e+001  -1.490157e+001  -1.502642e+001  
-0.000000e+000  -8.054228e-001  -9.231165e-001  -0.000000e+000  -5.427751e+000  -9.357929e+000  -1.200777e+001  -1.465060e+001  -1.494530e+001  
-0.000000e+000  -5.722780e-001  -6.225527e-001  -0.000000e+000  -4.989097e+000  -8.892824e+000  -1.165590e+001  -1.456309e+001  -1.491700e+001  
-0.000000e+000  -8.054233e-001  -9.231164e-001  -0.000000e+000  -5.427752e+000  -9.357929e+000  -1.200777e+001  -1.465060e+001  -1.494530e+001  
-0.000000e+000  -1.652856e+000  -2.153602e+000  -0.000000e+000  -7.073627e+000  -1.086576e+001  -1.305029e+001  -1.490157e+001  -1.502642e+001  
-0.000000e+000  -3.529088e+000  -5.755831e+000  -0.000000e+000  -1.135393e+001  -1.368084e+001  -1.470063e+001  -1.528101e+001  -1.514948e+001  
-0.000000e+000  -5.499762e+000  -1.151791e+001  -2.112264e+001  -1.697152e+001  -1.624792e+001  -1.603124e+001  -1.558436e+001  -1.524924e+001  
-0.000000e+000  -8.263908e+000  -1.767904e+001  -3.020707e+001  -2.343572e+001  -2.010061e+001  -1.823054e+001  -1.611115e+001  -1.542683e+001  
-0.000000e+000  -9.685712e+000  -2.021588e+001  -3.251184e+001  -2.641852e+001  -2.249846e+001  -1.990817e+001  -1.657447e+001  -1.559173e+001  
-0.000000e+000  -1.011866e+001  -2.068503e+001  -3.204167e+001  -2.723328e+001  -2.358819e+001  -2.089696e+001  -1.690714e+001  -1.571929e+001  
-0.000000e+000  -8.082189e+000  -1.615305e+001  -2.416596e+001  -2.260451e+001  -2.112617e+001  -1.982334e+001  -1.689297e+001  -1.576950e+001  
-0.000000e+000  -6.081731e+000  -1.208769e+001  -1.793470e+001  -1.778289e+001  -1.750835e+001  -1.718102e+001  -1.597579e+001  -1.534985e+001  
-0.000000e+000  -5.603475e+000  -1.112817e+001  -1.649177e+001  -1.659768e+001  -1.656058e+001  -1.643902e+001  -1.567438e+001  -1.519836e+001  
-0.000000e+000  -5.209919e+000  -1.034222e+001  -1.531801e+001  -1.560857e+001  -1.574833e+001  -1.578524e+001  -1.539160e+001  -1.505106e+001  
-0.000000e+000  -4.900172e+000  -9.725478e+000  -1.440101e+001  -1.482071e+001  -1.508820e+001  -1.524277e+001  -1.514508e+001  -1.491894e+001  
-0.000000e+000  -4.671385e+000  -9.270791e+000  -1.372686e+001  -1.423321e+001  -1.458864e+001  -1.482601e+001  -1.494846e+001  -1.481123e+001  
-0.000000e+000  -4.520525e+000  -8.971314e+000  -1.328360e+001  -1.384314e+001  -1.425359e+001  -1.454359e+001  -1.481167e+001  -1.473512e+001  
-0.000000e+000  -4.445167e+000  -8.821812e+000  -1.306251e+001  -1.364748e+001  -1.408453e+001  -1.440024e+001  -1.474114e+001  -1.469552e+001  

