Port monitor named: Port1_h1.prt

nx        = 61
ny        = 46
nz        = 24

nu        = 9
nv        = 31
iu        = 10
iv        = 16

idir      = 1
dcut      = 3.800000e-002
icut      = 40
type      = 1
frequency = 1.000000e+009

fcutoff   = 0.000000e+000
alpha     = 0.000000e+000
beta      = 3.885670e+001
accuracy  = 9.680190e-010

type          = QTEM
wave imp.     = 2.073105e+002
wave imp.sig. = 3.486810e-007
line imp.     = 4.992560e+001

ref. port     = 0

0.000000e+000  -7.694325e-003  -1.502283e-002  -2.166112e-002  -2.770707e-002  -3.262514e-002  -3.636715e-002  -4.048275e-002  -3.891759e-002  
0.000000e+000  -1.568370e-002  -3.059379e-002  -4.404847e-002  -5.622935e-002  -6.605345e-002  -7.344079e-002  -8.083016e-002  -7.721161e-002  
0.000000e+000  -2.455069e-002  -4.781468e-002  -6.866891e-002  -8.735084e-002  -1.021918e-001  -1.131215e-001  -1.221339e-001  -1.154258e-001  
0.000000e+000  -3.487863e-002  -6.776899e-002  -9.695995e-002  -1.226932e-001  -1.426672e-001  -1.569077e-001  -1.647982e-001  -1.534090e-001  
0.000000e+000  -4.746704e-002  -9.192660e-002  -1.308310e-001  -1.643410e-001  -1.894786e-001  -2.065478e-001  -2.091301e-001  -1.908777e-001  
0.000000e+000  -6.348206e-002  -1.224085e-001  -1.729789e-001  -2.151162e-001  -2.451772e-001  -2.641134e-001  -2.552722e-001  -2.273651e-001  
0.000000e+000  -1.070455e-001  -2.045725e-001  -2.847222e-001  -3.462817e-001  -3.846131e-001  -4.035607e-001  -3.534756e-001  -2.988219e-001  
0.000000e+000  -2.781195e-001  -5.207718e-001  -6.951810e-001  -7.860774e-001  -7.996708e-001  -7.676993e-001  -5.075624e-001  -3.709067e-001  
0.000000e+000  -6.510697e-001  -1.229908e+000  -1.605944e+000  -1.600804e+000  -1.389142e+000  -1.136958e+000  -5.511386e-001  -3.520133e-001  
0.000000e+000  -9.155618e-001  -1.808610e+000  -2.479380e+000  -2.215581e+000  -1.722122e+000  -1.279764e+000  -5.439989e-001  -3.270654e-001  
0.000000e+000  -1.205055e+000  -2.642541e+000  -4.389833e+000  -3.074056e+000  -2.007334e+000  -1.319383e+000  -4.989544e-001  -2.847981e-001  
0.000000e+000  -1.220323e+000  -3.021756e+000  -8.628178e+000  -3.564049e+000  -1.926853e+000  -1.188534e+000  -4.273414e-001  -2.370348e-001  
0.000000e+000  -9.310269e-001  -2.027923e+000  0.000000e+000  -2.020711e+000  -1.437059e+000  -9.627606e-001  -3.424432e-001  -1.859695e-001  
0.000000e+000  -4.394298e-001  -6.828666e-001  0.000000e+000  -7.925466e-001  -7.732781e-001  -5.929998e-001  -2.158642e-001  -1.157626e-001  
0.000000e+000  -1.227074e-001  -1.655516e-001  0.000000e+000  -2.139615e-001  -2.397165e-001  -1.983142e-001  -7.365671e-002  -3.930310e-002  
0.000000e+000  1.227073e-001  1.655516e-001  0.000000e+000  2.139614e-001  2.397165e-001  1.983142e-001  7.365677e-002  3.930312e-002  
0.000000e+000  4.394298e-001  6.828666e-001  0.000000e+000  7.925467e-001  7.732780e-001  5.929999e-001  2.158643e-001  1.157626e-001  
0.000000e+000  9.310269e-001  2.027923e+000  0.000000e+000  2.020711e+000  1.437059e+000  9.627608e-001  3.424432e-001  1.859695e-001  
0.000000e+000  1.220323e+000  3.021755e+000  8.628178e+000  3.564048e+000  1.926853e+000  1.188534e+000  4.273413e-001  2.370348e-001  
0.000000e+000  1.205055e+000  2.642542e+000  4.389833e+000  3.074056e+000  2.007334e+000  1.319383e+000  4.989544e-001  2.847980e-001  
0.000000e+000  9.155618e-001  1.808610e+000  2.479380e+000  2.215581e+000  1.722122e+000  1.279764e+000  5.439990e-001  3.270654e-001  
0.000000e+000  6.510698e-001  1.229908e+000  1.605944e+000  1.600804e+000  1.389142e+000  1.136958e+000  5.511386e-001  3.520133e-001  
0.000000e+000  2.781195e-001  5.207718e-001  6.951810e-001  7.860774e-001  7.996708e-001  7.676993e-001  5.075624e-001  3.709067e-001  
0.000000e+000  1.070455e-001  2.045725e-001  2.847222e-001  3.462816e-001  3.846131e-001  4.035607e-001  3.534757e-001  2.988219e-001  
0.000000e+000  6.348209e-002  1.224086e-001  1.729789e-001  2.151163e-001  2.451772e-001  2.641134e-001  2.552722e-001  2.273652e-001  
0.000000e+000  4.746705e-002  9.192659e-002  1.308311e-001  1.643410e-001  1.894787e-001  2.065478e-001  2.091300e-001  1.908777e-001  
0.000000e+000  3.487856e-002  6.776911e-002  9.695994e-002  1.226933e-001  1.426673e-001  1.569077e-001  1.647983e-001  1.534090e-001  
0.000000e+000  2.455075e-002  4.781466e-002  6.866906e-002  8.735093e-002  1.021918e-001  1.131215e-001  1.221340e-001  1.154259e-001  
0.000000e+000  1.568375e-002  3.059390e-002  4.404848e-002  5.622933e-002  6.605344e-002  7.344076e-002  8.083019e-002  7.721166e-002  
0.000000e+000  7.694344e-003  1.502281e-002  2.166114e-002  2.770707e-002  3.262515e-002  3.636713e-002  4.048269e-002  3.891756e-002  
0.000000e+000  0.000000e+000  0.000000e+000  0.000000e+000  0.000000e+000  0.000000e+000  0.000000e+000  0.000000e+000  0.000000e+000  

4.660700e-001  4.573407e-001  4.402434e-001  4.167502e-001  3.886239e-001  3.556848e-001  2.712558e-001  1.056967e-001  0.000000e+000  
4.747687e-001  4.656445e-001  4.478011e-001  4.232896e-001  3.939800e-001  3.598072e-001  2.726426e-001  1.054309e-001  0.000000e+000  
4.944805e-001  4.844840e-001  4.649949e-001  4.382441e-001  4.063424e-001  3.694729e-001  2.763331e-001  1.052372e-001  0.000000e+000  
5.251940e-001  5.137534e-001  4.915517e-001  4.611314e-001  4.250218e-001  3.838385e-001  2.812887e-001  1.046552e-001  0.000000e+000  
5.685398e-001  5.548810e-001  5.285401e-001  4.925658e-001  4.501797e-001  4.027003e-001  2.867454e-001  1.033250e-001  0.000000e+000  
6.270383e-001  6.100468e-001  5.775325e-001  5.333667e-001  4.819107e-001  4.256141e-001  2.915345e-001  1.007513e-001  0.000000e+000  
7.044799e-001  6.824754e-001  6.407415e-001  5.845003e-001  5.200464e-001  4.516544e-001  2.939404e-001  9.629866e-002  0.000000e+000  
1.102371e+000  1.048154e+000  9.474889e-001  8.154656e-001  6.741455e-001  5.407932e-001  2.706417e-001  6.555794e-002  0.000000e+000  
2.093733e+000  1.921124e+000  1.592379e+000  1.160597e+000  7.677601e-001  4.831837e-001  7.067957e-002  -2.063384e-002  0.000000e+000  
2.818163e+000  2.568701e+000  2.023251e+000  1.180101e+000  5.728440e-001  2.431971e-001  -8.507271e-002  -6.254491e-002  0.000000e+000  
3.828120e+000  3.555957e+000  2.774250e+000  9.395797e-001  9.282041e-002  -1.896109e-001  -2.833324e-001  -1.086478e-001  0.000000e+000  
5.148716e+000  5.128978e+000  4.685775e+000  -3.680409e-001  -9.698949e-001  -8.727598e-001  -5.062848e-001  -1.544593e-001  0.000000e+000  
5.957385e+000  6.318170e+000  7.559987e+000  -4.010913e+000  -1.966896e+000  -1.319117e+000  -6.320488e-001  -1.792111e-001  0.000000e+000  
6.852874e+000  7.372102e+000  8.793651e+000  -3.849277e+000  -2.475031e+000  -1.732934e+000  -7.807749e-001  -2.087825e-001  0.000000e+000  
7.277894e+000  7.612517e+000  8.159215e+000  -3.131523e+000  -2.484308e+000  -1.887851e+000  -8.711082e-001  -2.277227e-001  0.000000e+000  
7.397152e+000  7.656456e+000  8.006354e+000  -2.937268e+000  -2.458675e+000  -1.922771e+000  -9.009380e-001  -2.342258e-001  0.000000e+000  
7.277895e+000  7.612517e+000  8.159215e+000  -3.131523e+000  -2.484308e+000  -1.887851e+000  -8.711082e-001  -2.277227e-001  0.000000e+000  
6.852873e+000  7.372102e+000  8.793651e+000  -3.849277e+000  -2.475031e+000  -1.732934e+000  -7.807750e-001  -2.087825e-001  0.000000e+000  
5.957385e+000  6.318170e+000  7.559987e+000  -4.010914e+000  -1.966896e+000  -1.319117e+000  -6.320488e-001  -1.792111e-001  0.000000e+000  
5.148716e+000  5.128978e+000  4.685775e+000  -3.680408e-001  -9.698950e-001  -8.727597e-001  -5.062848e-001  -1.544593e-001  0.000000e+000  
3.828120e+000  3.555957e+000  2.774250e+000  9.395795e-001  9.282041e-002  -1.896110e-001  -2.833323e-001  -1.086478e-001  0.000000e+000  
2.818163e+000  2.568701e+000  2.023251e+000  1.180101e+000  5.728440e-001  2.431971e-001  -8.507270e-002  -6.254491e-002  0.000000e+000  
2.093733e+000  1.921124e+000  1.592379e+000  1.160597e+000  7.677601e-001  4.831838e-001  7.067956e-002  -2.063383e-002  0.000000e+000  
1.102371e+000  1.048154e+000  9.474889e-001  8.154655e-001  6.741455e-001  5.407933e-001  2.706417e-001  6.555795e-002  0.000000e+000  
7.044799e-001  6.824755e-001  6.407414e-001  5.845004e-001  5.200464e-001  4.516543e-001  2.939404e-001  9.629870e-002  0.000000e+000  
6.270383e-001  6.100469e-001  5.775325e-001  5.333666e-001  4.819106e-001  4.256140e-001  2.915345e-001  1.007514e-001  0.000000e+000  
5.685398e-001  5.548811e-001  5.285401e-001  4.925658e-001  4.501797e-001  4.027003e-001  2.867454e-001  1.033250e-001  0.000000e+000  
5.251941e-001  5.137532e-001  4.915518e-001  4.611313e-001  4.250218e-001  3.838385e-001  2.812887e-001  1.046552e-001  0.000000e+000  
4.944806e-001  4.844840e-001  4.649948e-001  4.382440e-001  4.063424e-001  3.694730e-001  2.763331e-001  1.052372e-001  0.000000e+000  
4.747687e-001  4.656444e-001  4.478011e-001  4.232896e-001  3.939801e-001  3.598073e-001  2.726426e-001  1.054309e-001  0.000000e+000  
4.660699e-001  4.573407e-001  4.402434e-001  4.167501e-001  3.886239e-001  3.556849e-001  2.712558e-001  1.056967e-001  0.000000e+000  

0.000000e+000  0.000000e+000  0.000000e+000  0.000000e+000  0.000000e+000  0.000000e+000  0.000000e+000  0.000000e+000  0.000000e+000  
0.000000e+000  0.000000e+000  0.000000e+000  0.000000e+000  0.000000e+000  0.000000e+000  0.000000e+000  0.000000e+000  0.000000e+000  
0.000000e+000  0.000000e+000  0.000000e+000  0.000000e+000  0.000000e+000  0.000000e+000  0.000000e+000  0.000000e+000  0.000000e+000  
0.000000e+000  0.000000e+000  0.000000e+000  0.000000e+000  0.000000e+000  0.000000e+000  0.000000e+000  0.000000e+000  0.000000e+000  
0.000000e+000  0.000000e+000  0.000000e+000  0.000000e+000  0.000000e+000  0.000000e+000  0.000000e+000  0.000000e+000  0.000000e+000  
0.000000e+000  0.000000e+000  0.000000e+000  0.000000e+000  0.000000e+000  0.000000e+000  0.000000e+000  0.000000e+000  0.000000e+000  
0.000000e+000  0.000000e+000  0.000000e+000  0.000000e+000  0.000000e+000  0.000000e+000  0.000000e+000  0.000000e+000  0.000000e+000  
0.000000e+000  0.000000e+000  0.000000e+000  0.000000e+000  0.000000e+000  0.000000e+000  0.000000e+000  0.000000e+000  0.000000e+000  
0.000000e+000  0.000000e+000  0.000000e+000  0.000000e+000  0.000000e+000  0.000000e+000  0.000000e+000  0.000000e+000  0.000000e+000  
0.000000e+000  0.000000e+000  0.000000e+000  0.000000e+000  0.000000e+000  0.000000e+000  0.000000e+000  0.000000e+000  0.000000e+000  
0.000000e+000  0.000000e+000  0.000000e+000  0.000000e+000  0.000000e+000  0.000000e+000  0.000000e+000  0.000000e+000  0.000000e+000  
0.000000e+000  0.000000e+000  0.000000e+000  0.000000e+000  0.000000e+000  0.000000e+000  0.000000e+000  0.000000e+000  0.000000e+000  
0.000000e+000  0.000000e+000  0.000000e+000  0.000000e+000  0.000000e+000  0.000000e+000  0.000000e+000  0.000000e+000  0.000000e+000  
0.000000e+000  0.000000e+000  0.000000e+000  0.000000e+000  0.000000e+000  0.000000e+000  0.000000e+000  0.000000e+000  0.000000e+000  
0.000000e+000  0.000000e+000  0.000000e+000  0.000000e+000  0.000000e+000  0.000000e+000  0.000000e+000  0.000000e+000  0.000000e+000  
0.000000e+000  0.000000e+000  0.000000e+000  0.000000e+000  0.000000e+000  0.000000e+000  0.000000e+000  0.000000e+000  0.000000e+000  
0.000000e+000  0.000000e+000  0.000000e+000  0.000000e+000  0.000000e+000  0.000000e+000  0.000000e+000  0.000000e+000  0.000000e+000  
0.000000e+000  0.000000e+000  0.000000e+000  0.000000e+000  0.000000e+000  0.000000e+000  0.000000e+000  0.000000e+000  0.000000e+000  
0.000000e+000  0.000000e+000  0.000000e+000  0.000000e+000  0.000000e+000  0.000000e+000  0.000000e+000  0.000000e+000  0.000000e+000  
0.000000e+000  0.000000e+000  0.000000e+000  0.000000e+000  0.000000e+000  0.000000e+000  0.000000e+000  0.000000e+000  0.000000e+000  
0.000000e+000  0.000000e+000  0.000000e+000  0.000000e+000  0.000000e+000  0.000000e+000  0.000000e+000  0.000000e+000  0.000000e+000  
0.000000e+000  0.000000e+000  0.000000e+000  0.000000e+000  0.000000e+000  0.000000e+000  0.000000e+000  0.000000e+000  0.000000e+000  
0.000000e+000  0.000000e+000  0.000000e+000  0.000000e+000  0.000000e+000  0.000000e+000  0.000000e+000  0.000000e+000  0.000000e+000  
0.000000e+000  0.000000e+000  0.000000e+000  0.000000e+000  0.000000e+000  0.000000e+000  0.000000e+000  0.000000e+000  0.000000e+000  
0.000000e+000  0.000000e+000  0.000000e+000  0.000000e+000  0.000000e+000  0.000000e+000  0.000000e+000  0.000000e+000  0.000000e+000  
0.000000e+000  0.000000e+000  0.000000e+000  0.000000e+000  0.000000e+000  0.000000e+000  0.000000e+000  0.000000e+000  0.000000e+000  
0.000000e+000  0.000000e+000  0.000000e+000  0.000000e+000  0.000000e+000  0.000000e+000  0.000000e+000  0.000000e+000  0.000000e+000  
0.000000e+000  0.000000e+000  0.000000e+000  0.000000e+000  0.000000e+000  0.000000e+000  0.000000e+000  0.000000e+000  0.000000e+000  
0.000000e+000  0.000000e+000  0.000000e+000  0.000000e+000  0.000000e+000  0.000000e+000  0.000000e+000  0.000000e+000  0.000000e+000  
0.000000e+000  0.000000e+000  0.000000e+000  0.000000e+000  0.000000e+000  0.000000e+000  0.000000e+000  0.000000e+000  0.000000e+000  
0.000000e+000  0.000000e+000  0.000000e+000  0.000000e+000  0.000000e+000  0.000000e+000  0.000000e+000  0.000000e+000  0.000000e+000  

0.000000e+000  0.000000e+000  0.000000e+000  0.000000e+000  0.000000e+000  0.000000e+000  0.000000e+000  0.000000e+000  0.000000e+000  
0.000000e+000  0.000000e+000  0.000000e+000  0.000000e+000  0.000000e+000  0.000000e+000  0.000000e+000  0.000000e+000  0.000000e+000  
0.000000e+000  0.000000e+000  0.000000e+000  0.000000e+000  0.000000e+000  0.000000e+000  0.000000e+000  0.000000e+000  0.000000e+000  
0.000000e+000  0.000000e+000  0.000000e+000  0.000000e+000  0.000000e+000  0.000000e+000  0.000000e+000  0.000000e+000  0.000000e+000  
0.000000e+000  0.000000e+000  0.000000e+000  0.000000e+000  0.000000e+000  0.000000e+000  0.000000e+000  0.000000e+000  0.000000e+000  
0.000000e+000  0.000000e+000  0.000000e+000  0.000000e+000  0.000000e+000  0.000000e+000  0.000000e+000  0.000000e+000  0.000000e+000  
0.000000e+000  0.000000e+000  0.000000e+000  0.000000e+000  0.000000e+000  0.000000e+000  0.000000e+000  0.000000e+000  0.000000e+000  
0.000000e+000  0.000000e+000  0.000000e+000  0.000000e+000  0.000000e+000  0.000000e+000  0.000000e+000  0.000000e+000  0.000000e+000  
0.000000e+000  0.000000e+000  0.000000e+000  0.000000e+000  0.000000e+000  0.000000e+000  0.000000e+000  0.000000e+000  0.000000e+000  
0.000000e+000  0.000000e+000  0.000000e+000  0.000000e+000  0.000000e+000  0.000000e+000  0.000000e+000  0.000000e+000  0.000000e+000  
0.000000e+000  0.000000e+000  0.000000e+000  0.000000e+000  0.000000e+000  0.000000e+000  0.000000e+000  0.000000e+000  0.000000e+000  
0.000000e+000  0.000000e+000  0.000000e+000  0.000000e+000  0.000000e+000  0.000000e+000  0.000000e+000  0.000000e+000  0.000000e+000  
0.000000e+000  0.000000e+000  0.000000e+000  0.000000e+000  0.000000e+000  0.000000e+000  0.000000e+000  0.000000e+000  0.000000e+000  
0.000000e+000  0.000000e+000  0.000000e+000  0.000000e+000  0.000000e+000  0.000000e+000  0.000000e+000  0.000000e+000  0.000000e+000  
0.000000e+000  0.000000e+000  0.000000e+000  0.000000e+000  0.000000e+000  0.000000e+000  0.000000e+000  0.000000e+000  0.000000e+000  
0.000000e+000  0.000000e+000  0.000000e+000  0.000000e+000  0.000000e+000  0.000000e+000  0.000000e+000  0.000000e+000  0.000000e+000  
0.000000e+000  0.000000e+000  0.000000e+000  0.000000e+000  0.000000e+000  0.000000e+000  0.000000e+000  0.000000e+000  0.000000e+000  
0.000000e+000  0.000000e+000  0.000000e+000  0.000000e+000  0.000000e+000  0.000000e+000  0.000000e+000  0.000000e+000  0.000000e+000  
0.000000e+000  0.000000e+000  0.000000e+000  0.000000e+000  0.000000e+000  0.000000e+000  0.000000e+000  0.000000e+000  0.000000e+000  
0.000000e+000  0.000000e+000  0.000000e+000  0.000000e+000  0.000000e+000  0.000000e+000  0.000000e+000  0.000000e+000  0.000000e+000  
0.000000e+000  0.000000e+000  0.000000e+000  0.000000e+000  0.000000e+000  0.000000e+000  0.000000e+000  0.000000e+000  0.000000e+000  
0.000000e+000  0.000000e+000  0.000000e+000  0.000000e+000  0.000000e+000  0.000000e+000  0.000000e+000  0.000000e+000  0.000000e+000  
0.000000e+000  0.000000e+000  0.000000e+000  0.000000e+000  0.000000e+000  0.000000e+000  0.000000e+000  0.000000e+000  0.000000e+000  
0.000000e+000  0.000000e+000  0.000000e+000  0.000000e+000  0.000000e+000  0.000000e+000  0.000000e+000  0.000000e+000  0.000000e+000  
0.000000e+000  0.000000e+000  0.000000e+000  0.000000e+000  0.000000e+000  0.000000e+000  0.000000e+000  0.000000e+000  0.000000e+000  
0.000000e+000  0.000000e+000  0.000000e+000  0.000000e+000  0.000000e+000  0.000000e+000  0.000000e+000  0.000000e+000  0.000000e+000  
0.000000e+000  0.000000e+000  0.000000e+000  0.000000e+000  0.000000e+000  0.000000e+000  0.000000e+000  0.000000e+000  0.000000e+000  
0.000000e+000  0.000000e+000  0.000000e+000  0.000000e+000  0.000000e+000  0.000000e+000  0.000000e+000  0.000000e+000  0.000000e+000  
0.000000e+000  0.000000e+000  0.000000e+000  0.000000e+000  0.000000e+000  0.000000e+000  0.000000e+000  0.000000e+000  0.000000e+000  
0.000000e+000  0.000000e+000  0.000000e+000  0.000000e+000  0.000000e+000  0.000000e+000  0.000000e+000  0.000000e+000  0.000000e+000  
0.000000e+000  0.000000e+000  0.000000e+000  0.000000e+000  0.000000e+000  0.000000e+000  0.000000e+000  0.000000e+000  0.000000e+000  

0.000000e+000  0.000000e+000  0.000000e+000  0.000000e+000  0.000000e+000  0.000000e+000  0.000000e+000  0.000000e+000  0.000000e+000  
0.000000e+000  0.000000e+000  0.000000e+000  0.000000e+000  0.000000e+000  0.000000e+000  0.000000e+000  0.000000e+000  0.000000e+000  
0.000000e+000  0.000000e+000  0.000000e+000  0.000000e+000  0.000000e+000  0.000000e+000  0.000000e+000  0.000000e+000  0.000000e+000  
0.000000e+000  0.000000e+000  0.000000e+000  0.000000e+000  0.000000e+000  0.000000e+000  0.000000e+000  0.000000e+000  0.000000e+000  
0.000000e+000  0.000000e+000  0.000000e+000  0.000000e+000  0.000000e+000  0.000000e+000  0.000000e+000  0.000000e+000  0.000000e+000  
0.000000e+000  0.000000e+000  0.000000e+000  0.000000e+000  0.000000e+000  0.000000e+000  0.000000e+000  0.000000e+000  0.000000e+000  
0.000000e+000  0.000000e+000  0.000000e+000  0.000000e+000  0.000000e+000  0.000000e+000  0.000000e+000  0.000000e+000  0.000000e+000  
0.000000e+000  0.000000e+000  0.000000e+000  0.000000e+000  0.000000e+000  0.000000e+000  0.000000e+000  0.000000e+000  0.000000e+000  
0.000000e+000  0.000000e+000  0.000000e+000  0.000000e+000  0.000000e+000  0.000000e+000  0.000000e+000  0.000000e+000  0.000000e+000  
0.000000e+000  0.000000e+000  0.000000e+000  0.000000e+000  0.000000e+000  0.000000e+000  0.000000e+000  0.000000e+000  0.000000e+000  
0.000000e+000  0.000000e+000  0.000000e+000  0.000000e+000  0.000000e+000  0.000000e+000  0.000000e+000  0.000000e+000  0.000000e+000  
0.000000e+000  0.000000e+000  0.000000e+000  0.000000e+000  0.000000e+000  0.000000e+000  0.000000e+000  0.000000e+000  0.000000e+000  
0.000000e+000  0.000000e+000  0.000000e+000  0.000000e+000  0.000000e+000  0.000000e+000  0.000000e+000  0.000000e+000  0.000000e+000  
0.000000e+000  0.000000e+000  0.000000e+000  0.000000e+000  0.000000e+000  0.000000e+000  0.000000e+000  0.000000e+000  0.000000e+000  
0.000000e+000  0.000000e+000  0.000000e+000  0.000000e+000  0.000000e+000  0.000000e+000  0.000000e+000  0.000000e+000  0.000000e+000  
0.000000e+000  0.000000e+000  0.000000e+000  0.000000e+000  0.000000e+000  0.000000e+000  0.000000e+000  0.000000e+000  0.000000e+000  
0.000000e+000  0.000000e+000  0.000000e+000  0.000000e+000  0.000000e+000  0.000000e+000  0.000000e+000  0.000000e+000  0.000000e+000  
0.000000e+000  0.000000e+000  0.000000e+000  0.000000e+000  0.000000e+000  0.000000e+000  0.000000e+000  0.000000e+000  0.000000e+000  
0.000000e+000  0.000000e+000  0.000000e+000  0.000000e+000  0.000000e+000  0.000000e+000  0.000000e+000  0.000000e+000  0.000000e+000  
0.000000e+000  0.000000e+000  0.000000e+000  0.000000e+000  0.000000e+000  0.000000e+000  0.000000e+000  0.000000e+000  0.000000e+000  
0.000000e+000  0.000000e+000  0.000000e+000  0.000000e+000  0.000000e+000  0.000000e+000  0.000000e+000  0.000000e+000  0.000000e+000  
0.000000e+000  0.000000e+000  0.000000e+000  0.000000e+000  0.000000e+000  0.000000e+000  0.000000e+000  0.000000e+000  0.000000e+000  
0.000000e+000  0.000000e+000  0.000000e+000  0.000000e+000  0.000000e+000  0.000000e+000  0.000000e+000  0.000000e+000  0.000000e+000  
0.000000e+000  0.000000e+000  0.000000e+000  0.000000e+000  0.000000e+000  0.000000e+000  0.000000e+000  0.000000e+000  0.000000e+000  
0.000000e+000  0.000000e+000  0.000000e+000  0.000000e+000  0.000000e+000  0.000000e+000  0.000000e+000  0.000000e+000  0.000000e+000  
0.000000e+000  0.000000e+000  0.000000e+000  0.000000e+000  0.000000e+000  0.000000e+000  0.000000e+000  0.000000e+000  0.000000e+000  
0.000000e+000  0.000000e+000  0.000000e+000  0.000000e+000  0.000000e+000  0.000000e+000  0.000000e+000  0.000000e+000  0.000000e+000  
0.000000e+000  0.000000e+000  0.000000e+000  0.000000e+000  0.000000e+000  0.000000e+000  0.000000e+000  0.000000e+000  0.000000e+000  
0.000000e+000  0.000000e+000  0.000000e+000  0.000000e+000  0.000000e+000  0.000000e+000  0.000000e+000  0.000000e+000  0.000000e+000  
0.000000e+000  0.000000e+000  0.000000e+000  0.000000e+000  0.000000e+000  0.000000e+000  0.000000e+000  0.000000e+000  0.000000e+000  
0.000000e+000  0.000000e+000  0.000000e+000  0.000000e+000  0.000000e+000  0.000000e+000  0.000000e+000  0.000000e+000  0.000000e+000  

2.211139e-002  2.179889e-002  2.117486e-002  2.006871e-002  1.855397e-002  1.685675e-002  1.263898e-002  4.855659e-003  0.000000e+000  
4.421515e-002  4.359428e-002  4.235268e-002  4.012625e-002  3.706208e-002  3.363604e-002  2.514158e-002  9.624108e-003  0.000000e+000  
6.698654e-002  6.605784e-002  6.419571e-002  6.078622e-002  5.605212e-002  5.077813e-002  3.775330e-002  1.436428e-002  0.000000e+000  
9.075415e-002  8.952419e-002  8.704693e-002  8.235927e-002  7.576219e-002  6.845175e-002  5.050089e-002  1.904920e-002  0.000000e+000  
1.158389e-001  1.143292e-001  1.112660e-001  1.051720e-001  9.642879e-002  8.681048e-002  6.337658e-002  2.363668e-002  0.000000e+000  
1.425371e-001  1.408000e-001  1.372315e-001  1.295706e-001  1.182804e-001  1.059802e-001  7.632055e-002  2.806372e-002  0.000000e+000  
2.011486e-001  1.991729e-001  1.949397e-001  1.836734e-001  1.660003e-001  1.471588e-001  1.027599e-001  3.663984e-002  0.000000e+000  
3.096509e-001  3.104857e-001  3.106920e-001  2.917751e-001  2.545204e-001  2.176402e-001  1.373142e-001  4.477851e-002  0.000000e+000  
3.729058e-001  3.864002e-001  4.098464e-001  3.857356e-001  3.152902e-001  2.546983e-001  1.406122e-001  4.207026e-002  0.000000e+000  
3.876559e-001  4.114007e-001  4.567123e-001  4.305110e-001  3.356248e-001  2.619836e-001  1.354027e-001  3.891204e-002  0.000000e+000  
3.744669e-001  4.109563e-001  4.915580e-001  4.633667e-001  3.349908e-001  2.506434e-001  1.216702e-001  3.375389e-002  0.000000e+000  
3.296021e-001  3.692054e-001  4.758089e-001  4.450807e-001  2.987402e-001  2.185311e-001  1.030443e-001  2.802920e-002  0.000000e+000  
2.673135e-001  2.955006e-001  3.536628e-001  3.183814e-001  2.348689e-001  1.751109e-001  8.188533e-002  2.194925e-002  0.000000e+000  
1.681381e-001  1.811875e-001  2.008894e-001  1.736471e-001  1.408398e-001  1.086729e-001  5.134807e-002  1.364345e-002  0.000000e+000  
5.714237e-002  6.076300e-002  6.555446e-002  5.548250e-002  4.661651e-002  3.664106e-002  1.748208e-002  4.628851e-003  0.000000e+000  
-5.714237e-002  -6.076300e-002  -6.555446e-002  -5.548249e-002  -4.661650e-002  -3.664105e-002  -1.748207e-002  -4.628857e-003  0.000000e+000  
-1.681381e-001  -1.811875e-001  -2.008894e-001  -1.736470e-001  -1.408397e-001  -1.086729e-001  -5.134806e-002  -1.364345e-002  0.000000e+000  
-2.673135e-001  -2.955006e-001  -3.536628e-001  -3.183814e-001  -2.348689e-001  -1.751109e-001  -8.188533e-002  -2.194926e-002  0.000000e+000  
-3.296021e-001  -3.692054e-001  -4.758089e-001  -4.450807e-001  -2.987402e-001  -2.185311e-001  -1.030443e-001  -2.802921e-002  0.000000e+000  
-3.744669e-001  -4.109563e-001  -4.915580e-001  -4.633667e-001  -3.349908e-001  -2.506434e-001  -1.216702e-001  -3.375390e-002  0.000000e+000  
-3.876559e-001  -4.114007e-001  -4.567123e-001  -4.305110e-001  -3.356248e-001  -2.619836e-001  -1.354027e-001  -3.891204e-002  0.000000e+000  
-3.729058e-001  -3.864002e-001  -4.098464e-001  -3.857356e-001  -3.152902e-001  -2.546983e-001  -1.406122e-001  -4.207026e-002  0.000000e+000  
-3.096509e-001  -3.104857e-001  -3.106920e-001  -2.917751e-001  -2.545204e-001  -2.176402e-001  -1.373142e-001  -4.477851e-002  0.000000e+000  
-2.011485e-001  -1.991729e-001  -1.949397e-001  -1.836733e-001  -1.660003e-001  -1.471588e-001  -1.027599e-001  -3.663985e-002  0.000000e+000  
-1.425371e-001  -1.408000e-001  -1.372315e-001  -1.295706e-001  -1.182804e-001  -1.059801e-001  -7.632055e-002  -2.806372e-002  0.000000e+000  
-1.158389e-001  -1.143292e-001  -1.112660e-001  -1.051720e-001  -9.642878e-002  -8.681048e-002  -6.337657e-002  -2.363668e-002  0.000000e+000  
-9.075415e-002  -8.952418e-002  -8.704692e-002  -8.235926e-002  -7.576219e-002  -6.845175e-002  -5.050089e-002  -1.904920e-002  0.000000e+000  
-6.698654e-002  -6.605783e-002  -6.419570e-002  -6.078621e-002  -5.605211e-002  -5.077813e-002  -3.775330e-002  -1.436428e-002  0.000000e+000  
-4.421515e-002  -4.359428e-002  -4.235267e-002  -4.012625e-002  -3.706208e-002  -3.363603e-002  -2.514158e-002  -9.624105e-003  0.000000e+000  
-2.211139e-002  -2.179889e-002  -2.117486e-002  -2.006871e-002  -1.855397e-002  -1.685675e-002  -1.263898e-002  -4.855657e-003  0.000000e+000  
0.000000e+000  0.000000e+000  0.000000e+000  0.000000e+000  0.000000e+000  0.000000e+000  0.000000e+000  0.000000e+000  0.000000e+000  

