\BOOKMARK [0][-]{chapter.1}{\376\377\0001\000\040\000T\000o\000p\000i\000c\000\040\000I\000n\000d\000e\000x}{}% 1
\BOOKMARK [1][-]{section.1.1}{\376\377\0001\000.\0001\000\040\000T\000o\000p\000i\000c\000s}{chapter.1}% 2
\BOOKMARK [0][-]{chapter.2}{\376\377\0002\000\040\000D\000a\000t\000a\000\040\000S\000t\000r\000u\000c\000t\000u\000r\000e\000\040\000I\000n\000d\000e\000x}{}% 3
\BOOKMARK [1][-]{section.2.1}{\376\377\0002\000.\0001\000\040\000D\000a\000t\000a\000\040\000S\000t\000r\000u\000c\000t\000u\000r\000e\000s}{chapter.2}% 4
\BOOKMARK [0][-]{chapter.3}{\376\377\0003\000\040\000F\000i\000l\000e\000\040\000I\000n\000d\000e\000x}{}% 5
\BOOKMARK [1][-]{section.3.1}{\376\377\0003\000.\0001\000\040\000F\000i\000l\000e\000\040\000L\000i\000s\000t}{chapter.3}% 6
\BOOKMARK [0][-]{chapter.4}{\376\377\0004\000\040\000T\000o\000p\000i\000c\000\040\000D\000o\000c\000u\000m\000e\000n\000t\000a\000t\000i\000o\000n}{}% 7
\BOOKMARK [1][-]{section.4.1}{\376\377\0004\000.\0001\000\040\000T\000L\000C\000\137\000C\000H\000A\000I\000N}{chapter.4}% 8
\BOOKMARK [2][-]{subsection.4.1.1}{\376\377\0004\000.\0001\000.\0001\000\040\000D\000e\000t\000a\000i\000l\000e\000d\000\040\000D\000e\000s\000c\000r\000i\000p\000t\000i\000o\000n}{section.4.1}% 9
\BOOKMARK [0][-]{chapter.5}{\376\377\0005\000\040\000D\000a\000t\000a\000\040\000S\000t\000r\000u\000c\000t\000u\000r\000e\000\040\000D\000o\000c\000u\000m\000e\000n\000t\000a\000t\000i\000o\000n}{}% 10
\BOOKMARK [1][-]{section.5.1}{\376\377\0005\000.\0001\000\040\000\137\000b\000y\000t\000e\000\137\000s\000t\000r\000e\000a\000m\000\137\000t\000\040\000S\000t\000r\000u\000c\000t\000\040\000R\000e\000f\000e\000r\000e\000n\000c\000e}{chapter.5}% 11
\BOOKMARK [2][-]{subsection.5.1.1}{\376\377\0005\000.\0001\000.\0001\000\040\000F\000i\000e\000l\000d\000\040\000D\000o\000c\000u\000m\000e\000n\000t\000a\000t\000i\000o\000n}{section.5.1}% 12
\BOOKMARK [3][-]{subsubsection.5.1.1.1}{\376\377\0005\000.\0001\000.\0001\000.\0001\000\040\000i\000d}{subsection.5.1.1}% 13
\BOOKMARK [3][-]{subsubsection.5.1.1.2}{\376\377\0005\000.\0001\000.\0001\000.\0002\000\040\000l\000e\000n}{subsection.5.1.1}% 14
\BOOKMARK [1][-]{section.5.2}{\376\377\0005\000.\0002\000\040\000\137\000c\000c\000\137\000e\000n\000c\000o\000d\000e\000r\000\137\000i\000n\000f\000o\000\137\000t\000\040\000S\000t\000r\000u\000c\000t\000\040\000R\000e\000f\000e\000r\000e\000n\000c\000e}{chapter.5}% 15
\BOOKMARK [2][-]{subsection.5.2.1}{\376\377\0005\000.\0002\000.\0001\000\040\000F\000i\000e\000l\000d\000\040\000D\000o\000c\000u\000m\000e\000n\000t\000a\000t\000i\000o\000n}{section.5.2}% 16
\BOOKMARK [3][-]{subsubsection.5.2.1.1}{\376\377\0005\000.\0002\000.\0001\000.\0001\000\040\000p\000u\000n\000c\000V\000e\000c\000t}{subsection.5.2.1}% 17
\BOOKMARK [1][-]{section.5.3}{\376\377\0005\000.\0003\000\040\000\137\000c\000c\000\137\000h\000a\000r\000d\000\137\000d\000e\000c\000\137\000i\000n\000f\000o\000\137\000t\000\040\000S\000t\000r\000u\000c\000t\000\040\000R\000e\000f\000e\000r\000e\000n\000c\000e}{chapter.5}% 18
\BOOKMARK [2][-]{subsection.5.3.1}{\376\377\0005\000.\0003\000.\0001\000\040\000F\000i\000e\000l\000d\000\040\000D\000o\000c\000u\000m\000e\000n\000t\000a\000t\000i\000o\000n}{section.5.3}% 19
\BOOKMARK [3][-]{subsubsection.5.3.1.1}{\376\377\0005\000.\0003\000.\0001\000.\0001\000\040\000d\000i\000s\000t}{subsection.5.3.1}% 20
\BOOKMARK [3][-]{subsubsection.5.3.1.2}{\376\377\0005\000.\0003\000.\0001\000.\0002\000\040\000p\000a\000t\000h}{subsection.5.3.1}% 21
\BOOKMARK [1][-]{section.5.4}{\376\377\0005\000.\0004\000\040\000\137\000c\000c\000\137\000p\000a\000r\000\137\000t\000\040\000S\000t\000r\000u\000c\000t\000\040\000R\000e\000f\000e\000r\000e\000n\000c\000e}{chapter.5}% 22
\BOOKMARK [2][-]{subsection.5.4.1}{\376\377\0005\000.\0004\000.\0001\000\040\000F\000i\000e\000l\000d\000\040\000D\000o\000c\000u\000m\000e\000n\000t\000a\000t\000i\000o\000n}{section.5.4}% 23
\BOOKMARK [3][-]{subsubsection.5.4.1.1}{\376\377\0005\000.\0004\000.\0001\000.\0001\000\040\000k\000L\000e\000n}{subsection.5.4.1}% 24
\BOOKMARK [3][-]{subsubsection.5.4.1.2}{\376\377\0005\000.\0004\000.\0001\000.\0002\000\040\000m\000e\000m\000F\000a\000c\000t}{subsection.5.4.1}% 25
\BOOKMARK [3][-]{subsubsection.5.4.1.3}{\376\377\0005\000.\0004\000.\0001\000.\0003\000\040\000v\000i\000t\000D\000M}{subsection.5.4.1}% 26
\BOOKMARK [1][-]{section.5.5}{\376\377\0005\000.\0005\000\040\000\137\000c\000c\000\137\000s\000o\000f\000t\000\137\000d\000e\000c\000\137\000i\000n\000f\000o\000\137\000t\000\040\000S\000t\000r\000u\000c\000t\000\040\000R\000e\000f\000e\000r\000e\000n\000c\000e}{chapter.5}% 27
\BOOKMARK [2][-]{subsection.5.5.1}{\376\377\0005\000.\0005\000.\0001\000\040\000F\000i\000e\000l\000d\000\040\000D\000o\000c\000u\000m\000e\000n\000t\000a\000t\000i\000o\000n}{section.5.5}% 28
\BOOKMARK [3][-]{subsubsection.5.5.1.1}{\376\377\0005\000.\0005\000.\0001\000.\0001\000\040\000d\000i\000s\000t}{subsection.5.5.1}% 29
\BOOKMARK [3][-]{subsubsection.5.5.1.2}{\376\377\0005\000.\0005\000.\0001\000.\0002\000\040\000p\000a\000t\000h}{subsection.5.5.1}% 30
\BOOKMARK [1][-]{section.5.6}{\376\377\0005\000.\0006\000\040\000\137\000c\000c\000\137\000t\000r\000c\000o\000r\000e\000\137\000t\000\040\000S\000t\000r\000u\000c\000t\000\040\000R\000e\000f\000e\000r\000e\000n\000c\000e}{chapter.5}% 31
\BOOKMARK [2][-]{subsection.5.6.1}{\376\377\0005\000.\0006\000.\0001\000\040\000F\000i\000e\000l\000d\000\040\000D\000o\000c\000u\000m\000e\000n\000t\000a\000t\000i\000o\000n}{section.5.6}% 32
\BOOKMARK [3][-]{subsubsection.5.6.1.1}{\376\377\0005\000.\0006\000.\0001\000.\0001\000\040\000n\000e\000x\000t\000S\000t}{subsection.5.6.1}% 33
\BOOKMARK [1][-]{section.5.7}{\376\377\0005\000.\0007\000\040\000\137\000c\000c\000\137\000t\000r\000e\000l\000l\000i\000s\000\137\000t\000\040\000S\000t\000r\000u\000c\000t\000\040\000R\000e\000f\000e\000r\000e\000n\000c\000e}{chapter.5}% 34
\BOOKMARK [1][-]{section.5.8}{\376\377\0005\000.\0008\000\040\000\137\000c\000h\000a\000n\000\137\000p\000a\000r\000\137\000t\000\040\000S\000t\000r\000u\000c\000t\000\040\000R\000e\000f\000e\000r\000e\000n\000c\000e}{chapter.5}% 35
\BOOKMARK [2][-]{subsection.5.8.1}{\376\377\0005\000.\0008\000.\0001\000\040\000F\000i\000e\000l\000d\000\040\000D\000o\000c\000u\000m\000e\000n\000t\000a\000t\000i\000o\000n}{section.5.8}% 36
\BOOKMARK [3][-]{subsubsection.5.8.1.1}{\376\377\0005\000.\0008\000.\0001\000.\0001\000\040\000E\000b\000N\0000}{subsection.5.8.1}% 37
\BOOKMARK [1][-]{section.5.9}{\376\377\0005\000.\0009\000\040\000\137\000c\000o\000m\000p\000l\000e\000x\000\137\000s\000t\000r\000e\000a\000m\000\137\000t\000\040\000S\000t\000r\000u\000c\000t\000\040\000R\000e\000f\000e\000r\000e\000n\000c\000e}{chapter.5}% 38
\BOOKMARK [2][-]{subsection.5.9.1}{\376\377\0005\000.\0009\000.\0001\000\040\000F\000i\000e\000l\000d\000\040\000D\000o\000c\000u\000m\000e\000n\000t\000a\000t\000i\000o\000n}{section.5.9}% 39
\BOOKMARK [3][-]{subsubsection.5.9.1.1}{\376\377\0005\000.\0009\000.\0001\000.\0001\000\040\000i\000d}{subsection.5.9.1}% 40
\BOOKMARK [3][-]{subsubsection.5.9.1.2}{\376\377\0005\000.\0009\000.\0001\000.\0002\000\040\000l\000e\000n}{subsection.5.9.1}% 41
\BOOKMARK [1][-]{section.5.10}{\376\377\0005\000.\0001\0000\000\040\000\137\000c\000o\000m\000p\000l\000e\000x\000\137\000t\000\040\000S\000t\000r\000u\000c\000t\000\040\000R\000e\000f\000e\000r\000e\000n\000c\000e}{chapter.5}% 42
\BOOKMARK [2][-]{subsection.5.10.1}{\376\377\0005\000.\0001\0000\000.\0001\000\040\000F\000i\000e\000l\000d\000\040\000D\000o\000c\000u\000m\000e\000n\000t\000a\000t\000i\000o\000n}{section.5.10}% 43
\BOOKMARK [3][-]{subsubsection.5.10.1.1}{\376\377\0005\000.\0001\0000\000.\0001\000.\0001\000\040\000i\000m}{subsection.5.10.1}% 44
\BOOKMARK [1][-]{section.5.11}{\376\377\0005\000.\0001\0001\000\040\000\137\000d\000e\000b\000u\000g\000\137\000p\000a\000r\000\137\000t\000\040\000S\000t\000r\000u\000c\000t\000\040\000R\000e\000f\000e\000r\000e\000n\000c\000e}{chapter.5}% 45
\BOOKMARK [1][-]{section.5.12}{\376\377\0005\000.\0001\0002\000\040\000\137\000f\000l\000o\000a\000t\000\137\000s\000t\000r\000e\000a\000m\000\137\000t\000\040\000S\000t\000r\000u\000c\000t\000\040\000R\000e\000f\000e\000r\000e\000n\000c\000e}{chapter.5}% 46
\BOOKMARK [2][-]{subsection.5.12.1}{\376\377\0005\000.\0001\0002\000.\0001\000\040\000F\000i\000e\000l\000d\000\040\000D\000o\000c\000u\000m\000e\000n\000t\000a\000t\000i\000o\000n}{section.5.12}% 47
\BOOKMARK [3][-]{subsubsection.5.12.1.1}{\376\377\0005\000.\0001\0002\000.\0001\000.\0001\000\040\000i\000d}{subsection.5.12.1}% 48
\BOOKMARK [3][-]{subsubsection.5.12.1.2}{\376\377\0005\000.\0001\0002\000.\0001\000.\0002\000\040\000l\000e\000n}{subsection.5.12.1}% 49
\BOOKMARK [1][-]{section.5.13}{\376\377\0005\000.\0001\0003\000\040\000\137\000m\000o\000d\000\137\000m\000a\000p\000t\000a\000b\000l\000e\000\137\000t\000\040\000S\000t\000r\000u\000c\000t\000\040\000R\000e\000f\000e\000r\000e\000n\000c\000e}{chapter.5}% 50
\BOOKMARK [1][-]{section.5.14}{\376\377\0005\000.\0001\0004\000\040\000\137\000m\000o\000d\000\137\000p\000a\000r\000\137\000t\000\040\000S\000t\000r\000u\000c\000t\000\040\000R\000e\000f\000e\000r\000e\000n\000c\000e}{chapter.5}% 51
\BOOKMARK [2][-]{subsection.5.14.1}{\376\377\0005\000.\0001\0004\000.\0001\000\040\000F\000i\000e\000l\000d\000\040\000D\000o\000c\000u\000m\000e\000n\000t\000a\000t\000i\000o\000n}{section.5.14}% 52
\BOOKMARK [3][-]{subsubsection.5.14.1.1}{\376\377\0005\000.\0001\0004\000.\0001\000.\0001\000\040\000b\000p\000s}{subsection.5.14.1}% 53
\BOOKMARK [3][-]{subsubsection.5.14.1.2}{\376\377\0005\000.\0001\0004\000.\0001\000.\0002\000\040\000o\000r\000d\000e\000r}{subsection.5.14.1}% 54
\BOOKMARK [3][-]{subsubsection.5.14.1.3}{\376\377\0005\000.\0001\0004\000.\0001\000.\0003\000\040\000p\000h\000O\000f\000s\000t}{subsection.5.14.1}% 55
\BOOKMARK [0][-]{chapter.6}{\376\377\0006\000\040\000F\000i\000l\000e\000\040\000D\000o\000c\000u\000m\000e\000n\000t\000a\000t\000i\000o\000n}{}% 56
\BOOKMARK [1][-]{section.6.1}{\376\377\0006\000.\0001\000\040\000C\000:\000/\000U\000s\000e\000r\000s\000/\000V\000a\000l\000m\000o\000F\000i\000l\000/\000M\000u\000s\000i\000c\000/\000e\000x\000t\000r\000a\000/\000t\000l\000c\000\137\000c\000h\000a\000i\000n\000/\000s\000r\000c\000/\000c\000h\000a\000n\000n\000e\000l\000.\000c\000\040\000F\000i\000l\000e\000\040\000R\000e\000f\000e\000r\000e\000n\000c\000e}{chapter.6}% 57
\BOOKMARK [2][-]{subsection.6.1.1}{\376\377\0006\000.\0001\000.\0001\000\040\000D\000e\000t\000a\000i\000l\000e\000d\000\040\000D\000e\000s\000c\000r\000i\000p\000t\000i\000o\000n}{section.6.1}% 58
\BOOKMARK [2][-]{subsection.6.1.2}{\376\377\0006\000.\0001\000.\0002\000\040\000F\000u\000n\000c\000t\000i\000o\000n\000\040\000D\000o\000c\000u\000m\000e\000n\000t\000a\000t\000i\000o\000n}{section.6.1}% 59
\BOOKMARK [3][-]{subsubsection.6.1.2.1}{\376\377\0006\000.\0001\000.\0002\000.\0001\000\040\000C\000h\000a\000n\000n\000e\000l\000\137\000A\000W\000G\000N\000\050\000\051}{subsection.6.1.2}% 60
\BOOKMARK [3][-]{subsubsection.6.1.2.2}{\376\377\0006\000.\0001\000.\0002\000.\0002\000\040\000C\000h\000a\000n\000n\000e\000l\000\137\000B\000S\000C\000\050\000\051}{subsection.6.1.2}% 61
\BOOKMARK [3][-]{subsubsection.6.1.2.3}{\376\377\0006\000.\0001\000.\0002\000.\0003\000\040\000C\000h\000a\000n\000n\000e\000l\000\137\000L\000i\000s\000t\000P\000a\000r\000a\000m\000e\000t\000e\000r\000s\000\050\000\051}{subsection.6.1.2}% 62
\BOOKMARK [3][-]{subsubsection.6.1.2.4}{\376\377\0006\000.\0001\000.\0002\000.\0004\000\040\000G\000e\000t\000C\000o\000m\000p\000l\000e\000x\000S\000g\000n\000P\000o\000w\000e\000r\000\050\000\051}{subsection.6.1.2}% 63
\BOOKMARK [1][-]{section.6.2}{\376\377\0006\000.\0002\000\040\000C\000:\000/\000U\000s\000e\000r\000s\000/\000V\000a\000l\000m\000o\000F\000i\000l\000/\000M\000u\000s\000i\000c\000/\000e\000x\000t\000r\000a\000/\000t\000l\000c\000\137\000c\000h\000a\000i\000n\000/\000s\000r\000c\000/\000c\000h\000a\000n\000n\000e\000l\000.\000h\000\040\000F\000i\000l\000e\000\040\000R\000e\000f\000e\000r\000e\000n\000c\000e}{chapter.6}% 64
\BOOKMARK [2][-]{subsection.6.2.1}{\376\377\0006\000.\0002\000.\0001\000\040\000D\000e\000t\000a\000i\000l\000e\000d\000\040\000D\000e\000s\000c\000r\000i\000p\000t\000i\000o\000n}{section.6.2}% 65
\BOOKMARK [2][-]{subsection.6.2.2}{\376\377\0006\000.\0002\000.\0002\000\040\000E\000n\000u\000m\000e\000r\000a\000t\000i\000o\000n\000\040\000T\000y\000p\000e\000\040\000D\000o\000c\000u\000m\000e\000n\000t\000a\000t\000i\000o\000n}{section.6.2}% 66
\BOOKMARK [3][-]{subsubsection.6.2.2.1}{\376\377\0006\000.\0002\000.\0002\000.\0001\000\040\000c\000h\000a\000n\000n\000e\000l\000\137\000t}{subsection.6.2.2}% 67
\BOOKMARK [2][-]{subsection.6.2.3}{\376\377\0006\000.\0002\000.\0003\000\040\000F\000u\000n\000c\000t\000i\000o\000n\000\040\000D\000o\000c\000u\000m\000e\000n\000t\000a\000t\000i\000o\000n}{section.6.2}% 68
\BOOKMARK [3][-]{subsubsection.6.2.3.1}{\376\377\0006\000.\0002\000.\0003\000.\0001\000\040\000C\000h\000a\000n\000n\000e\000l\000\137\000A\000W\000G\000N\000\050\000\051}{subsection.6.2.3}% 69
\BOOKMARK [3][-]{subsubsection.6.2.3.2}{\376\377\0006\000.\0002\000.\0003\000.\0002\000\040\000C\000h\000a\000n\000n\000e\000l\000\137\000B\000S\000C\000\050\000\051}{subsection.6.2.3}% 70
\BOOKMARK [3][-]{subsubsection.6.2.3.3}{\376\377\0006\000.\0002\000.\0003\000.\0003\000\040\000C\000h\000a\000n\000n\000e\000l\000\137\000L\000i\000s\000t\000P\000a\000r\000a\000m\000e\000t\000e\000r\000s\000\050\000\051}{subsection.6.2.3}% 71
\BOOKMARK [1][-]{section.6.3}{\376\377\0006\000.\0003\000\040\000c\000h\000a\000n\000n\000e\000l\000.\000h}{chapter.6}% 72
\BOOKMARK [1][-]{section.6.4}{\376\377\0006\000.\0004\000\040\000C\000:\000/\000U\000s\000e\000r\000s\000/\000V\000a\000l\000m\000o\000F\000i\000l\000/\000M\000u\000s\000i\000c\000/\000e\000x\000t\000r\000a\000/\000t\000l\000c\000\137\000c\000h\000a\000i\000n\000/\000s\000r\000c\000/\000c\000o\000n\000v\000o\000l\000u\000t\000i\000o\000n\000a\000l\000.\000c\000\040\000F\000i\000l\000e\000\040\000R\000e\000f\000e\000r\000e\000n\000c\000e}{chapter.6}% 73
\BOOKMARK [2][-]{subsection.6.4.1}{\376\377\0006\000.\0004\000.\0001\000\040\000D\000e\000t\000a\000i\000l\000e\000d\000\040\000D\000e\000s\000c\000r\000i\000p\000t\000i\000o\000n}{section.6.4}% 74
\BOOKMARK [2][-]{subsection.6.4.2}{\376\377\0006\000.\0004\000.\0002\000\040\000F\000u\000n\000c\000t\000i\000o\000n\000\040\000D\000o\000c\000u\000m\000e\000n\000t\000a\000t\000i\000o\000n}{section.6.4}% 75
\BOOKMARK [3][-]{subsubsection.6.4.2.1}{\376\377\0006\000.\0004\000.\0002\000.\0001\000\040\000C\000n\000v\000C\000o\000d\000\137\000E\000n\000c\000o\000d\000e\000r\000\050\000\051}{subsection.6.4.2}% 76
\BOOKMARK [3][-]{subsubsection.6.4.2.2}{\376\377\0006\000.\0004\000.\0002\000.\0002\000\040\000C\000n\000v\000C\000o\000d\000\137\000H\000a\000r\000d\000D\000e\000c\000o\000d\000e\000r\000\050\000\051}{subsection.6.4.2}% 77
\BOOKMARK [3][-]{subsubsection.6.4.2.3}{\376\377\0006\000.\0004\000.\0002\000.\0003\000\040\000C\000n\000v\000C\000o\000d\000\137\000L\000i\000s\000t\000P\000a\000r\000a\000m\000e\000t\000e\000r\000s\000\050\000\051}{subsection.6.4.2}% 78
\BOOKMARK [3][-]{subsubsection.6.4.2.4}{\376\377\0006\000.\0004\000.\0002\000.\0004\000\040\000C\000n\000v\000C\000o\000d\000\137\000S\000o\000f\000t\000D\000e\000c\000o\000d\000e\000r\000\050\000\051}{subsection.6.4.2}% 79
\BOOKMARK [3][-]{subsubsection.6.4.2.5}{\376\377\0006\000.\0004\000.\0002\000.\0005\000\040\000C\000o\000m\000p\000u\000t\000e\000E\000n\000c\000B\000i\000t\000\050\000\051}{subsection.6.4.2}% 80
\BOOKMARK [3][-]{subsubsection.6.4.2.6}{\376\377\0006\000.\0004\000.\0002\000.\0006\000\040\000C\000o\000m\000p\000u\000t\000e\000T\000r\000e\000l\000l\000i\000s\000D\000i\000a\000g\000r\000a\000m\000\050\000\051}{subsection.6.4.2}% 81
\BOOKMARK [3][-]{subsubsection.6.4.2.7}{\376\377\0006\000.\0004\000.\0002\000.\0007\000\040\000C\000o\000u\000n\000t\000B\000y\000t\000e\000O\000n\000e\000s\000\050\000\051}{subsection.6.4.2}% 82
\BOOKMARK [3][-]{subsubsection.6.4.2.8}{\376\377\0006\000.\0004\000.\0002\000.\0008\000\040\000E\000s\000t\000i\000m\000a\000t\000e\000E\000u\000c\000l\000i\000d\000e\000a\000n\000D\000i\000s\000t\000\050\000\051}{subsection.6.4.2}% 83
\BOOKMARK [3][-]{subsubsection.6.4.2.9}{\376\377\0006\000.\0004\000.\0002\000.\0009\000\040\000F\000i\000n\000d\000M\000i\000n\000S\000u\000r\000v\000P\000a\000t\000h\000H\000a\000r\000d\000\050\000\051}{subsection.6.4.2}% 84
\BOOKMARK [3][-]{subsubsection.6.4.2.10}{\376\377\0006\000.\0004\000.\0002\000.\0001\0000\000\040\000F\000i\000n\000d\000M\000i\000n\000S\000u\000r\000v\000P\000a\000t\000h\000S\000o\000f\000t\000\050\000\051}{subsection.6.4.2}% 85
\BOOKMARK [3][-]{subsubsection.6.4.2.11}{\376\377\0006\000.\0004\000.\0002\000.\0001\0001\000\040\000H\000a\000r\000d\000D\000e\000p\000u\000n\000c\000t\000u\000r\000e\000r\000\050\000\051}{subsection.6.4.2}% 86
\BOOKMARK [3][-]{subsubsection.6.4.2.12}{\376\377\0006\000.\0004\000.\0002\000.\0001\0002\000\040\000I\000s\000K\000l\000e\000n\000V\000a\000l\000i\000d\000\050\000\051}{subsection.6.4.2}% 87
\BOOKMARK [3][-]{subsubsection.6.4.2.13}{\376\377\0006\000.\0004\000.\0002\000.\0001\0003\000\040\000I\000s\000R\000a\000t\000e\000V\000a\000l\000i\000d\000\050\000\051}{subsection.6.4.2}% 88
\BOOKMARK [3][-]{subsubsection.6.4.2.14}{\376\377\0006\000.\0004\000.\0002\000.\0001\0004\000\040\000R\000e\000t\000r\000i\000e\000v\000e\000C\000o\000n\000n\000e\000c\000t\000o\000r\000P\000u\000n\000c\000t\000u\000r\000a\000t\000i\000o\000n\000V\000e\000c\000t\000o\000r\000s\000\050\000\051}{subsection.6.4.2}% 89
\BOOKMARK [3][-]{subsubsection.6.4.2.15}{\376\377\0006\000.\0004\000.\0002\000.\0001\0005\000\040\000S\000o\000f\000t\000D\000e\000p\000u\000n\000c\000t\000u\000r\000e\000r\000\050\000\051}{subsection.6.4.2}% 90
\BOOKMARK [2][-]{subsection.6.4.3}{\376\377\0006\000.\0004\000.\0003\000\040\000V\000a\000r\000i\000a\000b\000l\000e\000\040\000D\000o\000c\000u\000m\000e\000n\000t\000a\000t\000i\000o\000n}{section.6.4}% 91
\BOOKMARK [3][-]{subsubsection.6.4.3.1}{\376\377\0006\000.\0004\000.\0003\000.\0001\000\040\000C\000C\000\137\000R\000A\000T\000E\000\137\000A\000R\000R\000A\000Y}{subsection.6.4.3}% 92
\BOOKMARK [1][-]{section.6.5}{\376\377\0006\000.\0005\000\040\000C\000:\000/\000U\000s\000e\000r\000s\000/\000V\000a\000l\000m\000o\000F\000i\000l\000/\000M\000u\000s\000i\000c\000/\000e\000x\000t\000r\000a\000/\000t\000l\000c\000\137\000c\000h\000a\000i\000n\000/\000s\000r\000c\000/\000c\000o\000n\000v\000o\000l\000u\000t\000i\000o\000n\000a\000l\000.\000h\000\040\000F\000i\000l\000e\000\040\000R\000e\000f\000e\000r\000e\000n\000c\000e}{chapter.6}% 93
\BOOKMARK [2][-]{subsection.6.5.1}{\376\377\0006\000.\0005\000.\0001\000\040\000D\000e\000t\000a\000i\000l\000e\000d\000\040\000D\000e\000s\000c\000r\000i\000p\000t\000i\000o\000n}{section.6.5}% 94
\BOOKMARK [2][-]{subsection.6.5.2}{\376\377\0006\000.\0005\000.\0002\000\040\000M\000a\000c\000r\000o\000\040\000D\000e\000f\000i\000n\000i\000t\000i\000o\000n\000\040\000D\000o\000c\000u\000m\000e\000n\000t\000a\000t\000i\000o\000n}{section.6.5}% 95
\BOOKMARK [3][-]{subsubsection.6.5.2.1}{\376\377\0006\000.\0005\000.\0002\000.\0001\000\040\000C\000C\000\137\000C\000V\000M\000A\000T\000R\000I\000X}{subsection.6.5.2}% 96
\BOOKMARK [3][-]{subsubsection.6.5.2.2}{\376\377\0006\000.\0005\000.\0002\000.\0002\000\040\000C\000C\000\137\000R\000A\000T\000E}{subsection.6.5.2}% 97
\BOOKMARK [3][-]{subsubsection.6.5.2.3}{\376\377\0006\000.\0005\000.\0002\000.\0003\000\040\000C\000C\000\137\000V\000D\000M\000\137\000S\000T\000R}{subsection.6.5.2}% 98
\BOOKMARK [3][-]{subsubsection.6.5.2.4}{\376\377\0006\000.\0005\000.\0002\000.\0004\000\040\000D\000E\000F\000\137\000C\000C\000\137\000R\000A\000T\000E\000S\000\137\000A\000R\000R\000A\000Y}{subsection.6.5.2}% 99
\BOOKMARK [3][-]{subsubsection.6.5.2.5}{\376\377\0006\000.\0005\000.\0002\000.\0005\000\040\000D\000E\000F\000\137\000C\000C\000\137\000R\000A\000T\000E\000S\000\137\000I\000D\000X}{subsection.6.5.2}% 100
\BOOKMARK [3][-]{subsubsection.6.5.2.6}{\376\377\0006\000.\0005\000.\0002\000.\0006\000\040\000D\000E\000F\000\137\000C\000C\000\137\000R\000A\000T\000E\000S\000\137\000V\000A\000L}{subsection.6.5.2}% 101
\BOOKMARK [3][-]{subsubsection.6.5.2.7}{\376\377\0006\000.\0005\000.\0002\000.\0007\000\040\000L\000I\000S\000T\000\137\000O\000F\000\137\000C\000C\000\137\000R\000A\000T\000E\000S}{subsection.6.5.2}% 102
\BOOKMARK [2][-]{subsection.6.5.3}{\376\377\0006\000.\0005\000.\0003\000\040\000E\000n\000u\000m\000e\000r\000a\000t\000i\000o\000n\000\040\000T\000y\000p\000e\000\040\000D\000o\000c\000u\000m\000e\000n\000t\000a\000t\000i\000o\000n}{section.6.5}% 103
\BOOKMARK [3][-]{subsubsection.6.5.3.1}{\376\377\0006\000.\0005\000.\0003\000.\0001\000\040\000c\000c\000\137\000d\000e\000c\000\137\000m\000e\000t\000h\000o\000d\000\137\000t}{subsection.6.5.3}% 104
\BOOKMARK [3][-]{subsubsection.6.5.3.2}{\376\377\0006\000.\0005\000.\0003\000.\0002\000\040\000c\000c\000\137\000k\000l\000e\000n\000\137\000t}{subsection.6.5.3}% 105
\BOOKMARK [2][-]{subsection.6.5.4}{\376\377\0006\000.\0005\000.\0004\000\040\000F\000u\000n\000c\000t\000i\000o\000n\000\040\000D\000o\000c\000u\000m\000e\000n\000t\000a\000t\000i\000o\000n}{section.6.5}% 106
\BOOKMARK [3][-]{subsubsection.6.5.4.1}{\376\377\0006\000.\0005\000.\0004\000.\0001\000\040\000C\000n\000v\000C\000o\000d\000\137\000E\000n\000c\000o\000d\000e\000r\000\050\000\051}{subsection.6.5.4}% 107
\BOOKMARK [3][-]{subsubsection.6.5.4.2}{\376\377\0006\000.\0005\000.\0004\000.\0002\000\040\000C\000n\000v\000C\000o\000d\000\137\000H\000a\000r\000d\000D\000e\000c\000o\000d\000e\000r\000\050\000\051}{subsection.6.5.4}% 108
\BOOKMARK [3][-]{subsubsection.6.5.4.3}{\376\377\0006\000.\0005\000.\0004\000.\0003\000\040\000C\000n\000v\000C\000o\000d\000\137\000L\000i\000s\000t\000P\000a\000r\000a\000m\000e\000t\000e\000r\000s\000\050\000\051}{subsection.6.5.4}% 109
\BOOKMARK [3][-]{subsubsection.6.5.4.4}{\376\377\0006\000.\0005\000.\0004\000.\0004\000\040\000C\000n\000v\000C\000o\000d\000\137\000S\000o\000f\000t\000D\000e\000c\000o\000d\000e\000r\000\050\000\051}{subsection.6.5.4}% 110
\BOOKMARK [1][-]{section.6.6}{\376\377\0006\000.\0006\000\040\000c\000o\000n\000v\000o\000l\000u\000t\000i\000o\000n\000a\000l\000.\000h}{chapter.6}% 111
\BOOKMARK [1][-]{section.6.7}{\376\377\0006\000.\0007\000\040\000C\000:\000/\000U\000s\000e\000r\000s\000/\000V\000a\000l\000m\000o\000F\000i\000l\000/\000M\000u\000s\000i\000c\000/\000e\000x\000t\000r\000a\000/\000t\000l\000c\000\137\000c\000h\000a\000i\000n\000/\000s\000r\000c\000/\000d\000e\000b\000u\000g\000.\000c\000\040\000F\000i\000l\000e\000\040\000R\000e\000f\000e\000r\000e\000n\000c\000e}{chapter.6}% 112
\BOOKMARK [2][-]{subsection.6.7.1}{\376\377\0006\000.\0007\000.\0001\000\040\000D\000e\000t\000a\000i\000l\000e\000d\000\040\000D\000e\000s\000c\000r\000i\000p\000t\000i\000o\000n}{section.6.7}% 113
\BOOKMARK [2][-]{subsection.6.7.2}{\376\377\0006\000.\0007\000.\0002\000\040\000F\000u\000n\000c\000t\000i\000o\000n\000\040\000D\000o\000c\000u\000m\000e\000n\000t\000a\000t\000i\000o\000n}{section.6.7}% 114
\BOOKMARK [3][-]{subsubsection.6.7.2.1}{\376\377\0006\000.\0007\000.\0002\000.\0001\000\040\000D\000e\000b\000u\000g\000\137\000C\000h\000e\000c\000k\000W\000r\000o\000n\000g\000B\000i\000t\000s\000\050\000\051}{subsection.6.7.2}% 115
\BOOKMARK [3][-]{subsubsection.6.7.2.2}{\376\377\0006\000.\0007\000.\0002\000.\0002\000\040\000D\000e\000b\000u\000g\000\137\000G\000e\000n\000e\000r\000a\000t\000e\000R\000a\000n\000d\000o\000m\000B\000y\000t\000e\000s\000\050\000\051}{subsection.6.7.2}% 116
\BOOKMARK [3][-]{subsubsection.6.7.2.3}{\376\377\0006\000.\0007\000.\0002\000.\0003\000\040\000D\000e\000b\000u\000g\000\137\000L\000i\000s\000t\000P\000a\000r\000a\000m\000e\000t\000e\000r\000s\000\050\000\051}{subsection.6.7.2}% 117
\BOOKMARK [3][-]{subsubsection.6.7.2.4}{\376\377\0006\000.\0007\000.\0002\000.\0004\000\040\000D\000e\000b\000u\000g\000\137\000P\000r\000i\000n\000t\000B\000y\000t\000e\000S\000t\000r\000e\000a\000m\000\050\000\051}{subsection.6.7.2}% 118
\BOOKMARK [3][-]{subsubsection.6.7.2.5}{\376\377\0006\000.\0007\000.\0002\000.\0005\000\040\000D\000e\000b\000u\000g\000\137\000P\000r\000i\000n\000t\000C\000o\000m\000p\000l\000e\000x\000S\000t\000r\000e\000a\000m\000\050\000\051}{subsection.6.7.2}% 119
\BOOKMARK [3][-]{subsubsection.6.7.2.6}{\376\377\0006\000.\0007\000.\0002\000.\0006\000\040\000D\000e\000b\000u\000g\000\137\000P\000r\000i\000n\000t\000F\000l\000o\000a\000t\000S\000t\000r\000e\000a\000m\000\050\000\051}{subsection.6.7.2}% 120
\BOOKMARK [3][-]{subsubsection.6.7.2.7}{\376\377\0006\000.\0007\000.\0002\000.\0007\000\040\000D\000e\000b\000u\000g\000\137\000P\000r\000i\000n\000t\000P\000a\000r\000a\000m\000e\000t\000e\000r\000s\000\050\000\051}{subsection.6.7.2}% 121
\BOOKMARK [3][-]{subsubsection.6.7.2.8}{\376\377\0006\000.\0007\000.\0002\000.\0008\000\040\000D\000e\000b\000u\000g\000\137\000W\000r\000i\000t\000e\000B\000y\000t\000e\000S\000t\000r\000e\000a\000m\000T\000o\000C\000s\000v\000\050\000\051}{subsection.6.7.2}% 122
\BOOKMARK [3][-]{subsubsection.6.7.2.9}{\376\377\0006\000.\0007\000.\0002\000.\0009\000\040\000D\000e\000b\000u\000g\000\137\000W\000r\000i\000t\000e\000C\000o\000m\000p\000l\000e\000x\000S\000t\000r\000e\000a\000m\000T\000o\000C\000s\000v\000\050\000\051}{subsection.6.7.2}% 123
\BOOKMARK [3][-]{subsubsection.6.7.2.10}{\376\377\0006\000.\0007\000.\0002\000.\0001\0000\000\040\000I\000s\000S\000r\000c\000L\000e\000n\000V\000a\000l\000i\000d\000\050\000\051}{subsection.6.7.2}% 124
\BOOKMARK [1][-]{section.6.8}{\376\377\0006\000.\0008\000\040\000C\000:\000/\000U\000s\000e\000r\000s\000/\000V\000a\000l\000m\000o\000F\000i\000l\000/\000M\000u\000s\000i\000c\000/\000e\000x\000t\000r\000a\000/\000t\000l\000c\000\137\000c\000h\000a\000i\000n\000/\000s\000r\000c\000/\000d\000e\000b\000u\000g\000.\000h\000\040\000F\000i\000l\000e\000\040\000R\000e\000f\000e\000r\000e\000n\000c\000e}{chapter.6}% 125
\BOOKMARK [2][-]{subsection.6.8.1}{\376\377\0006\000.\0008\000.\0001\000\040\000D\000e\000t\000a\000i\000l\000e\000d\000\040\000D\000e\000s\000c\000r\000i\000p\000t\000i\000o\000n}{section.6.8}% 126
\BOOKMARK [2][-]{subsection.6.8.2}{\376\377\0006\000.\0008\000.\0002\000\040\000M\000a\000c\000r\000o\000\040\000D\000e\000f\000i\000n\000i\000t\000i\000o\000n\000\040\000D\000o\000c\000u\000m\000e\000n\000t\000a\000t\000i\000o\000n}{section.6.8}% 127
\BOOKMARK [3][-]{subsubsection.6.8.2.1}{\376\377\0006\000.\0008\000.\0002\000.\0001\000\040\000P\000I\000D\000\137\000N\000C\000O\000L\000S\000\137\000B\000Y\000T\000E}{subsection.6.8.2}% 128
\BOOKMARK [2][-]{subsection.6.8.3}{\376\377\0006\000.\0008\000.\0003\000\040\000E\000n\000u\000m\000e\000r\000a\000t\000i\000o\000n\000\040\000T\000y\000p\000e\000\040\000D\000o\000c\000u\000m\000e\000n\000t\000a\000t\000i\000o\000n}{section.6.8}% 129
\BOOKMARK [3][-]{subsubsection.6.8.3.1}{\376\377\0006\000.\0008\000.\0003\000.\0001\000\040\000p\000r\000i\000n\000t\000\137\000l\000a\000b\000e\000l\000\137\000t}{subsection.6.8.3}% 130
\BOOKMARK [2][-]{subsection.6.8.4}{\376\377\0006\000.\0008\000.\0004\000\040\000F\000u\000n\000c\000t\000i\000o\000n\000\040\000D\000o\000c\000u\000m\000e\000n\000t\000a\000t\000i\000o\000n}{section.6.8}% 131
\BOOKMARK [3][-]{subsubsection.6.8.4.1}{\376\377\0006\000.\0008\000.\0004\000.\0001\000\040\000D\000e\000b\000u\000g\000\137\000C\000h\000e\000c\000k\000W\000r\000o\000n\000g\000B\000i\000t\000s\000\050\000\051}{subsection.6.8.4}% 132
\BOOKMARK [3][-]{subsubsection.6.8.4.2}{\376\377\0006\000.\0008\000.\0004\000.\0002\000\040\000D\000e\000b\000u\000g\000\137\000G\000e\000n\000e\000r\000a\000t\000e\000R\000a\000n\000d\000o\000m\000B\000y\000t\000e\000s\000\050\000\051}{subsection.6.8.4}% 133
\BOOKMARK [3][-]{subsubsection.6.8.4.3}{\376\377\0006\000.\0008\000.\0004\000.\0003\000\040\000D\000e\000b\000u\000g\000\137\000L\000i\000s\000t\000P\000a\000r\000a\000m\000e\000t\000e\000r\000s\000\050\000\051}{subsection.6.8.4}% 134
\BOOKMARK [3][-]{subsubsection.6.8.4.4}{\376\377\0006\000.\0008\000.\0004\000.\0004\000\040\000D\000e\000b\000u\000g\000\137\000P\000r\000i\000n\000t\000B\000y\000t\000e\000S\000t\000r\000e\000a\000m\000\050\000\051}{subsection.6.8.4}% 135
\BOOKMARK [3][-]{subsubsection.6.8.4.5}{\376\377\0006\000.\0008\000.\0004\000.\0005\000\040\000D\000e\000b\000u\000g\000\137\000P\000r\000i\000n\000t\000C\000o\000m\000p\000l\000e\000x\000S\000t\000r\000e\000a\000m\000\050\000\051}{subsection.6.8.4}% 136
\BOOKMARK [3][-]{subsubsection.6.8.4.6}{\376\377\0006\000.\0008\000.\0004\000.\0006\000\040\000D\000e\000b\000u\000g\000\137\000P\000r\000i\000n\000t\000F\000l\000o\000a\000t\000S\000t\000r\000e\000a\000m\000\050\000\051}{subsection.6.8.4}% 137
\BOOKMARK [3][-]{subsubsection.6.8.4.7}{\376\377\0006\000.\0008\000.\0004\000.\0007\000\040\000D\000e\000b\000u\000g\000\137\000P\000r\000i\000n\000t\000P\000a\000r\000a\000m\000e\000t\000e\000r\000s\000\050\000\051}{subsection.6.8.4}% 138
\BOOKMARK [3][-]{subsubsection.6.8.4.8}{\376\377\0006\000.\0008\000.\0004\000.\0008\000\040\000D\000e\000b\000u\000g\000\137\000W\000r\000i\000t\000e\000B\000y\000t\000e\000S\000t\000r\000e\000a\000m\000T\000o\000C\000s\000v\000\050\000\051}{subsection.6.8.4}% 139
\BOOKMARK [3][-]{subsubsection.6.8.4.9}{\376\377\0006\000.\0008\000.\0004\000.\0009\000\040\000D\000e\000b\000u\000g\000\137\000W\000r\000i\000t\000e\000C\000o\000m\000p\000l\000e\000x\000S\000t\000r\000e\000a\000m\000T\000o\000C\000s\000v\000\050\000\051}{subsection.6.8.4}% 140
\BOOKMARK [1][-]{section.6.9}{\376\377\0006\000.\0009\000\040\000d\000e\000b\000u\000g\000.\000h}{chapter.6}% 141
\BOOKMARK [1][-]{section.6.10}{\376\377\0006\000.\0001\0000\000\040\000C\000:\000/\000U\000s\000e\000r\000s\000/\000V\000a\000l\000m\000o\000F\000i\000l\000/\000M\000u\000s\000i\000c\000/\000e\000x\000t\000r\000a\000/\000t\000l\000c\000\137\000c\000h\000a\000i\000n\000/\000s\000r\000c\000/\000e\000r\000r\000o\000r\000.\000c\000\040\000F\000i\000l\000e\000\040\000R\000e\000f\000e\000r\000e\000n\000c\000e}{chapter.6}% 142
\BOOKMARK [2][-]{subsection.6.10.1}{\376\377\0006\000.\0001\0000\000.\0001\000\040\000D\000e\000t\000a\000i\000l\000e\000d\000\040\000D\000e\000s\000c\000r\000i\000p\000t\000i\000o\000n}{section.6.10}% 143
\BOOKMARK [2][-]{subsection.6.10.2}{\376\377\0006\000.\0001\0000\000.\0002\000\040\000F\000u\000n\000c\000t\000i\000o\000n\000\040\000D\000o\000c\000u\000m\000e\000n\000t\000a\000t\000i\000o\000n}{section.6.10}% 144
\BOOKMARK [3][-]{subsubsection.6.10.2.1}{\376\377\0006\000.\0001\0000\000.\0002\000.\0001\000\040\000E\000r\000r\000o\000r\000\137\000H\000a\000n\000d\000l\000e\000E\000r\000r\000\050\000\051}{subsection.6.10.2}% 145
\BOOKMARK [1][-]{section.6.11}{\376\377\0006\000.\0001\0001\000\040\000C\000:\000/\000U\000s\000e\000r\000s\000/\000V\000a\000l\000m\000o\000F\000i\000l\000/\000M\000u\000s\000i\000c\000/\000e\000x\000t\000r\000a\000/\000t\000l\000c\000\137\000c\000h\000a\000i\000n\000/\000s\000r\000c\000/\000e\000r\000r\000o\000r\000.\000h\000\040\000F\000i\000l\000e\000\040\000R\000e\000f\000e\000r\000e\000n\000c\000e}{chapter.6}% 146
\BOOKMARK [2][-]{subsection.6.11.1}{\376\377\0006\000.\0001\0001\000.\0001\000\040\000D\000e\000t\000a\000i\000l\000e\000d\000\040\000D\000e\000s\000c\000r\000i\000p\000t\000i\000o\000n}{section.6.11}% 147
\BOOKMARK [2][-]{subsection.6.11.2}{\376\377\0006\000.\0001\0001\000.\0002\000\040\000E\000n\000u\000m\000e\000r\000a\000t\000i\000o\000n\000\040\000T\000y\000p\000e\000\040\000D\000o\000c\000u\000m\000e\000n\000t\000a\000t\000i\000o\000n}{section.6.11}% 148
\BOOKMARK [3][-]{subsubsection.6.11.2.1}{\376\377\0006\000.\0001\0001\000.\0002\000.\0001\000\040\000a\000l\000a\000r\000m\000\137\000t}{subsection.6.11.2}% 149
\BOOKMARK [3][-]{subsubsection.6.11.2.2}{\376\377\0006\000.\0001\0001\000.\0002\000.\0002\000\040\000e\000r\000r\000o\000r\000\137\000t}{subsection.6.11.2}% 150
\BOOKMARK [2][-]{subsection.6.11.3}{\376\377\0006\000.\0001\0001\000.\0003\000\040\000F\000u\000n\000c\000t\000i\000o\000n\000\040\000D\000o\000c\000u\000m\000e\000n\000t\000a\000t\000i\000o\000n}{section.6.11}% 151
\BOOKMARK [3][-]{subsubsection.6.11.3.1}{\376\377\0006\000.\0001\0001\000.\0003\000.\0001\000\040\000E\000r\000r\000o\000r\000\137\000H\000a\000n\000d\000l\000e\000E\000r\000r\000\050\000\051}{subsection.6.11.3}% 152
\BOOKMARK [1][-]{section.6.12}{\376\377\0006\000.\0001\0002\000\040\000e\000r\000r\000o\000r\000.\000h}{chapter.6}% 153
\BOOKMARK [1][-]{section.6.13}{\376\377\0006\000.\0001\0003\000\040\000C\000:\000/\000U\000s\000e\000r\000s\000/\000V\000a\000l\000m\000o\000F\000i\000l\000/\000M\000u\000s\000i\000c\000/\000e\000x\000t\000r\000a\000/\000t\000l\000c\000\137\000c\000h\000a\000i\000n\000/\000s\000r\000c\000/\000m\000a\000i\000n\000.\000c\000\040\000F\000i\000l\000e\000\040\000R\000e\000f\000e\000r\000e\000n\000c\000e}{chapter.6}% 154
\BOOKMARK [2][-]{subsection.6.13.1}{\376\377\0006\000.\0001\0003\000.\0001\000\040\000D\000e\000t\000a\000i\000l\000e\000d\000\040\000D\000e\000s\000c\000r\000i\000p\000t\000i\000o\000n}{section.6.13}% 155
\BOOKMARK [2][-]{subsection.6.13.2}{\376\377\0006\000.\0001\0003\000.\0002\000\040\000M\000a\000c\000r\000o\000\040\000D\000e\000f\000i\000n\000i\000t\000i\000o\000n\000\040\000D\000o\000c\000u\000m\000e\000n\000t\000a\000t\000i\000o\000n}{section.6.13}% 156
\BOOKMARK [3][-]{subsubsection.6.13.2.1}{\376\377\0006\000.\0001\0003\000.\0002\000.\0001\000\040\000D\000E\000F\000\137\000S\000T\000R\000E\000A\000M\000\137\000A\000L\000L\000O\000C\000A\000T\000E}{subsection.6.13.2}% 157
\BOOKMARK [3][-]{subsubsection.6.13.2.2}{\376\377\0006\000.\0001\0003\000.\0002\000.\0002\000\040\000D\000E\000F\000\137\000S\000T\000R\000E\000A\000M\000\137\000D\000E\000C\000L\000A\000R\000E}{subsection.6.13.2}% 158
\BOOKMARK [3][-]{subsubsection.6.13.2.3}{\376\377\0006\000.\0001\0003\000.\0002\000.\0003\000\040\000D\000E\000F\000\137\000S\000T\000R\000E\000A\000M\000\137\000F\000R\000E\000E}{subsection.6.13.2}% 159
\BOOKMARK [3][-]{subsubsection.6.13.2.4}{\376\377\0006\000.\0001\0003\000.\0002\000.\0004\000\040\000L\000E\000N\000\137\000C\000C\000\137\000P\000U\000N\000\137\000B\000Y}{subsection.6.13.2}% 160
\BOOKMARK [3][-]{subsubsection.6.13.2.5}{\376\377\0006\000.\0001\0003\000.\0002\000.\0005\000\040\000L\000I\000S\000T\000\137\000O\000F\000\137\000S\000T\000R\000E\000A\000M\000S}{subsection.6.13.2}% 161
\BOOKMARK [2][-]{subsection.6.13.3}{\376\377\0006\000.\0001\0003\000.\0003\000\040\000F\000u\000n\000c\000t\000i\000o\000n\000\040\000D\000o\000c\000u\000m\000e\000n\000t\000a\000t\000i\000o\000n}{section.6.13}% 162
\BOOKMARK [3][-]{subsubsection.6.13.3.1}{\376\377\0006\000.\0001\0003\000.\0003\000.\0001\000\040\000m\000a\000i\000n\000\050\000\051}{subsection.6.13.3}% 163
\BOOKMARK [1][-]{section.6.14}{\376\377\0006\000.\0001\0004\000\040\000C\000:\000/\000U\000s\000e\000r\000s\000/\000V\000a\000l\000m\000o\000F\000i\000l\000/\000M\000u\000s\000i\000c\000/\000e\000x\000t\000r\000a\000/\000t\000l\000c\000\137\000c\000h\000a\000i\000n\000/\000s\000r\000c\000/\000m\000e\000m\000o\000r\000y\000.\000c\000\040\000F\000i\000l\000e\000\040\000R\000e\000f\000e\000r\000e\000n\000c\000e}{chapter.6}% 164
\BOOKMARK [2][-]{subsection.6.14.1}{\376\377\0006\000.\0001\0004\000.\0001\000\040\000D\000e\000t\000a\000i\000l\000e\000d\000\040\000D\000e\000s\000c\000r\000i\000p\000t\000i\000o\000n}{section.6.14}% 165
\BOOKMARK [2][-]{subsection.6.14.2}{\376\377\0006\000.\0001\0004\000.\0002\000\040\000F\000u\000n\000c\000t\000i\000o\000n\000\040\000D\000o\000c\000u\000m\000e\000n\000t\000a\000t\000i\000o\000n}{section.6.14}% 166
\BOOKMARK [3][-]{subsubsection.6.14.2.1}{\376\377\0006\000.\0001\0004\000.\0002\000.\0001\000\040\000A\000l\000l\000o\000c\000a\000t\000e\000B\000y\000t\000e\000S\000t\000r\000e\000a\000m\000\050\000\051}{subsection.6.14.2}% 167
\BOOKMARK [3][-]{subsubsection.6.14.2.2}{\376\377\0006\000.\0001\0004\000.\0002\000.\0002\000\040\000A\000l\000l\000o\000c\000a\000t\000e\000C\000o\000m\000p\000l\000e\000x\000S\000t\000r\000e\000a\000m\000\050\000\051}{subsection.6.14.2}% 168
\BOOKMARK [3][-]{subsubsection.6.14.2.3}{\376\377\0006\000.\0001\0004\000.\0002\000.\0003\000\040\000A\000l\000l\000o\000c\000a\000t\000e\000F\000l\000o\000a\000t\000S\000t\000r\000e\000a\000m\000\050\000\051}{subsection.6.14.2}% 169
\BOOKMARK [3][-]{subsubsection.6.14.2.4}{\376\377\0006\000.\0001\0004\000.\0002\000.\0004\000\040\000F\000r\000e\000e\000B\000y\000t\000e\000S\000t\000r\000e\000a\000m\000\050\000\051}{subsection.6.14.2}% 170
\BOOKMARK [3][-]{subsubsection.6.14.2.5}{\376\377\0006\000.\0001\0004\000.\0002\000.\0005\000\040\000F\000r\000e\000e\000C\000o\000m\000p\000l\000e\000x\000S\000t\000r\000e\000a\000m\000\050\000\051}{subsection.6.14.2}% 171
\BOOKMARK [3][-]{subsubsection.6.14.2.6}{\376\377\0006\000.\0001\0004\000.\0002\000.\0006\000\040\000F\000r\000e\000e\000F\000l\000o\000a\000t\000S\000t\000r\000e\000a\000m\000\050\000\051}{subsection.6.14.2}% 172
\BOOKMARK [3][-]{subsubsection.6.14.2.7}{\376\377\0006\000.\0001\0004\000.\0002\000.\0007\000\040\000M\000e\000m\000o\000r\000y\000\137\000A\000l\000l\000o\000c\000a\000t\000e\000S\000t\000r\000e\000a\000m\000\050\000\051}{subsection.6.14.2}% 173
\BOOKMARK [3][-]{subsubsection.6.14.2.8}{\376\377\0006\000.\0001\0004\000.\0002\000.\0008\000\040\000M\000e\000m\000o\000r\000y\000\137\000F\000r\000e\000e\000S\000t\000r\000e\000a\000m\000\050\000\051}{subsection.6.14.2}% 174
\BOOKMARK [1][-]{section.6.15}{\376\377\0006\000.\0001\0005\000\040\000m\000e\000m\000o\000r\000y\000.\000h}{chapter.6}% 175
\BOOKMARK [1][-]{section.6.16}{\376\377\0006\000.\0001\0006\000\040\000C\000:\000/\000U\000s\000e\000r\000s\000/\000V\000a\000l\000m\000o\000F\000i\000l\000/\000M\000u\000s\000i\000c\000/\000e\000x\000t\000r\000a\000/\000t\000l\000c\000\137\000c\000h\000a\000i\000n\000/\000s\000r\000c\000/\000m\000o\000d\000u\000l\000a\000t\000i\000o\000n\000.\000c\000\040\000F\000i\000l\000e\000\040\000R\000e\000f\000e\000r\000e\000n\000c\000e}{chapter.6}% 176
\BOOKMARK [2][-]{subsection.6.16.1}{\376\377\0006\000.\0001\0006\000.\0001\000\040\000D\000e\000t\000a\000i\000l\000e\000d\000\040\000D\000e\000s\000c\000r\000i\000p\000t\000i\000o\000n}{section.6.16}% 177
\BOOKMARK [2][-]{subsection.6.16.2}{\376\377\0006\000.\0001\0006\000.\0002\000\040\000F\000u\000n\000c\000t\000i\000o\000n\000\040\000D\000o\000c\000u\000m\000e\000n\000t\000a\000t\000i\000o\000n}{section.6.16}% 178
\BOOKMARK [3][-]{subsubsection.6.16.2.1}{\376\377\0006\000.\0001\0006\000.\0002\000.\0001\000\040\000G\000e\000t\000G\000r\000a\000y\000S\000e\000q\000u\000e\000n\000c\000e\000\050\000\051}{subsection.6.16.2}% 179
\BOOKMARK [3][-]{subsubsection.6.16.2.2}{\376\377\0006\000.\0001\0006\000.\0002\000.\0002\000\040\000G\000e\000t\000M\000a\000p\000p\000i\000n\000g\000T\000a\000b\000l\000e\000\050\000\051}{subsection.6.16.2}% 180
\BOOKMARK [3][-]{subsubsection.6.16.2.3}{\376\377\0006\000.\0001\0006\000.\0002\000.\0003\000\040\000G\000e\000t\000P\000s\000k\000T\000a\000b\000l\000e\000\050\000\051}{subsection.6.16.2}% 181
\BOOKMARK [3][-]{subsubsection.6.16.2.4}{\376\377\0006\000.\0001\0006\000.\0002\000.\0004\000\040\000G\000e\000t\000Q\000a\000m\000T\000a\000b\000l\000e\000\050\000\051}{subsection.6.16.2}% 182
\BOOKMARK [3][-]{subsubsection.6.16.2.5}{\376\377\0006\000.\0001\0006\000.\0002\000.\0005\000\040\000I\000s\000Q\000a\000m\000B\000p\000s\000V\000a\000l\000i\000d\000\050\000\051}{subsection.6.16.2}% 183
\BOOKMARK [3][-]{subsubsection.6.16.2.6}{\376\377\0006\000.\0001\0006\000.\0002\000.\0006\000\040\000M\000o\000d\000u\000l\000a\000t\000i\000o\000n\000\137\000H\000a\000r\000d\000D\000e\000m\000a\000p\000p\000e\000r\000\050\000\051}{subsection.6.16.2}% 184
\BOOKMARK [3][-]{subsubsection.6.16.2.7}{\376\377\0006\000.\0001\0006\000.\0002\000.\0007\000\040\000M\000o\000d\000u\000l\000a\000t\000i\000o\000n\000\137\000L\000i\000s\000t\000P\000a\000r\000a\000m\000e\000t\000e\000r\000s\000\050\000\051}{subsection.6.16.2}% 185
\BOOKMARK [3][-]{subsubsection.6.16.2.8}{\376\377\0006\000.\0001\0006\000.\0002\000.\0008\000\040\000M\000o\000d\000u\000l\000a\000t\000i\000o\000n\000\137\000M\000a\000p\000p\000e\000r\000\050\000\051}{subsection.6.16.2}% 186
\BOOKMARK [3][-]{subsubsection.6.16.2.9}{\376\377\0006\000.\0001\0006\000.\0002\000.\0009\000\040\000M\000o\000d\000u\000l\000a\000t\000i\000o\000n\000\137\000S\000o\000f\000t\000D\000e\000m\000a\000p\000p\000e\000r\000\050\000\051}{subsection.6.16.2}% 187
\BOOKMARK [1][-]{section.6.17}{\376\377\0006\000.\0001\0007\000\040\000C\000:\000/\000U\000s\000e\000r\000s\000/\000V\000a\000l\000m\000o\000F\000i\000l\000/\000M\000u\000s\000i\000c\000/\000e\000x\000t\000r\000a\000/\000t\000l\000c\000\137\000c\000h\000a\000i\000n\000/\000s\000r\000c\000/\000m\000o\000d\000u\000l\000a\000t\000i\000o\000n\000.\000h\000\040\000F\000i\000l\000e\000\040\000R\000e\000f\000e\000r\000e\000n\000c\000e}{chapter.6}% 188
\BOOKMARK [2][-]{subsection.6.17.1}{\376\377\0006\000.\0001\0007\000.\0001\000\040\000D\000e\000t\000a\000i\000l\000e\000d\000\040\000D\000e\000s\000c\000r\000i\000p\000t\000i\000o\000n}{section.6.17}% 189
\BOOKMARK [2][-]{subsection.6.17.2}{\376\377\0006\000.\0001\0007\000.\0002\000\040\000M\000a\000c\000r\000o\000\040\000D\000e\000f\000i\000n\000i\000t\000i\000o\000n\000\040\000D\000o\000c\000u\000m\000e\000n\000t\000a\000t\000i\000o\000n}{section.6.17}% 190
\BOOKMARK [3][-]{subsubsection.6.17.2.1}{\376\377\0006\000.\0001\0007\000.\0002\000.\0001\000\040\000M\000O\000D\000\137\000T\000Y\000P\000E\000\137\000S\000T\000R}{subsection.6.17.2}% 191
\BOOKMARK [2][-]{subsection.6.17.3}{\376\377\0006\000.\0001\0007\000.\0003\000\040\000E\000n\000u\000m\000e\000r\000a\000t\000i\000o\000n\000\040\000T\000y\000p\000e\000\040\000D\000o\000c\000u\000m\000e\000n\000t\000a\000t\000i\000o\000n}{section.6.17}% 192
\BOOKMARK [3][-]{subsubsection.6.17.3.1}{\376\377\0006\000.\0001\0007\000.\0003\000.\0001\000\040\000m\000o\000d\000u\000l\000a\000t\000i\000o\000n\000\137\000t}{subsection.6.17.3}% 193
\BOOKMARK [2][-]{subsection.6.17.4}{\376\377\0006\000.\0001\0007\000.\0004\000\040\000F\000u\000n\000c\000t\000i\000o\000n\000\040\000D\000o\000c\000u\000m\000e\000n\000t\000a\000t\000i\000o\000n}{section.6.17}% 194
\BOOKMARK [3][-]{subsubsection.6.17.4.1}{\376\377\0006\000.\0001\0007\000.\0004\000.\0001\000\040\000M\000o\000d\000u\000l\000a\000t\000i\000o\000n\000\137\000H\000a\000r\000d\000D\000e\000m\000a\000p\000p\000e\000r\000\050\000\051}{subsection.6.17.4}% 195
\BOOKMARK [3][-]{subsubsection.6.17.4.2}{\376\377\0006\000.\0001\0007\000.\0004\000.\0002\000\040\000M\000o\000d\000u\000l\000a\000t\000i\000o\000n\000\137\000L\000i\000s\000t\000P\000a\000r\000a\000m\000e\000t\000e\000r\000s\000\050\000\051}{subsection.6.17.4}% 196
\BOOKMARK [3][-]{subsubsection.6.17.4.3}{\376\377\0006\000.\0001\0007\000.\0004\000.\0003\000\040\000M\000o\000d\000u\000l\000a\000t\000i\000o\000n\000\137\000M\000a\000p\000p\000e\000r\000\050\000\051}{subsection.6.17.4}% 197
\BOOKMARK [3][-]{subsubsection.6.17.4.4}{\376\377\0006\000.\0001\0007\000.\0004\000.\0004\000\040\000M\000o\000d\000u\000l\000a\000t\000i\000o\000n\000\137\000S\000o\000f\000t\000D\000e\000m\000a\000p\000p\000e\000r\000\050\000\051}{subsection.6.17.4}% 198
\BOOKMARK [1][-]{section.6.18}{\376\377\0006\000.\0001\0008\000\040\000m\000o\000d\000u\000l\000a\000t\000i\000o\000n\000.\000h}{chapter.6}% 199
\BOOKMARK [1][-]{section.6.19}{\376\377\0006\000.\0001\0009\000\040\000C\000:\000/\000U\000s\000e\000r\000s\000/\000V\000a\000l\000m\000o\000F\000i\000l\000/\000M\000u\000s\000i\000c\000/\000e\000x\000t\000r\000a\000/\000t\000l\000c\000\137\000c\000h\000a\000i\000n\000/\000s\000r\000c\000/\000s\000y\000s\000t\000e\000m\000.\000h\000\040\000F\000i\000l\000e\000\040\000R\000e\000f\000e\000r\000e\000n\000c\000e}{chapter.6}% 200
\BOOKMARK [2][-]{subsection.6.19.1}{\376\377\0006\000.\0001\0009\000.\0001\000\040\000D\000e\000t\000a\000i\000l\000e\000d\000\040\000D\000e\000s\000c\000r\000i\000p\000t\000i\000o\000n}{section.6.19}% 201
\BOOKMARK [2][-]{subsection.6.19.2}{\376\377\0006\000.\0001\0009\000.\0002\000\040\000M\000a\000c\000r\000o\000\040\000D\000e\000f\000i\000n\000i\000t\000i\000o\000n\000\040\000D\000o\000c\000u\000m\000e\000n\000t\000a\000t\000i\000o\000n}{section.6.19}% 202
\BOOKMARK [3][-]{subsubsection.6.19.2.1}{\376\377\0006\000.\0001\0009\000.\0002\000.\0001\000\040\000B\000I\0002\000B\000Y\000\137\000L\000E\000N}{subsection.6.19.2}% 203
\BOOKMARK [3][-]{subsubsection.6.19.2.2}{\376\377\0006\000.\0001\0009\000.\0002\000.\0002\000\040\000B\000Y\0002\000B\000I\000\137\000L\000E\000N}{subsection.6.19.2}% 204
\BOOKMARK [3][-]{subsubsection.6.19.2.3}{\376\377\0006\000.\0001\0009\000.\0002\000.\0003\000\040\000B\000Y\0002\000B\000I\000\137\000S\000H\000I\000F\000T}{subsection.6.19.2}% 205
\BOOKMARK [1][-]{section.6.20}{\376\377\0006\000.\0002\0000\000\040\000s\000y\000s\000t\000e\000m\000.\000h}{chapter.6}% 206
